<?xml version="1.0" encoding="UTF-8"?>
<testsuite xmlns:xsi="http://www.w3.org/2001/XMLSchema-instance" xsi:noNamespaceSchemaLocation="https://maven.apache.org/surefire/maven-surefire-plugin/xsd/surefire-test-report-3.0.xsd" version="3.0" name="com.ecomarket.product.ProductControllerTest" time="1.215" tests="9" errors="0" skipped="0" failures="0">
  <properties>
[...]
</properties>
  <testcase name="update_ShouldReturnUpdatedProduct" classname="com.ecomarket.product.ProductControllerTest" time="0.037">
    <system-out><![CDATA[2025-11-18T05:54:54.532-05:00 DEBUG 23740 --- [ecomarket] [           main] .b.t.c.SpringBootTestContextBootstrapper : Neither @ContextConfiguration nor @ContextHierarchy found for test class [ProductControllerTest]: using SpringBootContextLoader
2025-11-18T05:54:54.532-05:00 DEBUG 23740 --- [ecomarket] [           main] o.s.t.c.support.AbstractContextLoader    : Could not detect default resource locations for test class [com.ecomarket.product.ProductControllerTest]: no resource found for suffixes {-context.xml, Context.groovy}.
2025-11-18T05:54:54.532-05:00  INFO 23740 --- [ecomarket] [           main] t.c.s.AnnotationConfigContextLoaderUtils : Could not detect default configuration classes for test class [com.ecomarket.product.ProductControllerTest]: ProductControllerTest does not declare any static, non-private, non-final, nested classes annotated with @Configuration.
2025-11-18T05:54:54.533-05:00 DEBUG 23740 --- [ecomarket] [           main] .b.t.c.SpringBootTestContextBootstrapper : Using ContextCustomizerFactory implementations for test class [ProductControllerTest]: [ImportsContextCustomizerFactory, ExcludeFilterContextCustomizerFactory, HttpGraphQlTesterContextCustomizerFactory, DuplicateJsonObjectContextCustomizerFactory, MockitoContextCustomizerFactory, TestRestTemplateContextCustomizerFactory, WebTestClientContextCustomizerFactory, OverrideAutoConfigurationContextCustomizerFactory, ObservabilityContextCustomizerFactory, TypeExcludeFiltersContextCustomizerFactory, PropertyMappingContextCustomizerFactory, WebDriverContextCustomizerFactory, MockServerContainerContextCustomizerFactory, DynamicPropertiesContextCustomizerFactory]
2025-11-18T05:54:54.535-05:00 DEBUG 23740 --- [ecomarket] [           main] .b.t.c.SpringBootTestContextBootstrapper : Using ContextCustomizers for test class [ProductControllerTest]: [ImportsContextCustomizer, ExcludeFilterContextCustomizer, DuplicateJsonObjectContextCustomizer, MockitoContextCustomizer, TestRestTemplateContextCustomizer, DisableObservabilityContextCustomizer, PropertyMappingContextCustomizer, WebDriverContextCustomizer]
2025-11-18T05:54:54.549-05:00 DEBUG 23740 --- [ecomarket] [           main] ssPathScanningCandidateComponentProvider : Identified candidate component class: file [C:\Users\aldai\Downloads\proyectos\ecomarket-springboot\backend\target\classes\com\ecomarket\Main.class]
2025-11-18T05:54:54.549-05:00  INFO 23740 --- [ecomarket] [           main] .b.t.c.SpringBootTestContextBootstrapper : Found @SpringBootConfiguration com.ecomarket.Main for test class com.ecomarket.product.ProductControllerTest
2025-11-18T05:54:54.551-05:00 DEBUG 23740 --- [ecomarket] [           main] .s.t.c.u.TestContextSpringFactoriesUtils : Skipping candidate TestExecutionListener [org.springframework.test.context.observation.MicrometerObservationRegistryTestExecutionListener] due to a missing dependency. Specify custom TestExecutionListener classes or make the default TestExecutionListener classes and their required dependencies available. Offending class: io.micrometer.context.ThreadLocalAccessor. MicrometerObservationRegistryTestExecutionListener requires io.micrometer:micrometer-observation:1.10.8 or higher and io.micrometer:context-propagation:1.0.3 or higher.
2025-11-18T05:54:54.552-05:00 DEBUG 23740 --- [ecomarket] [           main] .b.t.c.SpringBootTestContextBootstrapper : Using TestExecutionListeners for test class [ProductControllerTest]: [ServletTestExecutionListener, DirtiesContextBeforeModesTestExecutionListener, ApplicationEventsTestExecutionListener, MockitoTestExecutionListener, DependencyInjectionTestExecutionListener, DirtiesContextTestExecutionListener, TransactionalTestExecutionListener, SqlScriptsTestExecutionListener, EventPublishingTestExecutionListener, WithSecurityContextTestExecutionListener, ReactorContextTestExecutionListener, ResetMocksTestExecutionListener, RestDocsTestExecutionListener, MockRestServiceServerResetTestExecutionListener, MockMvcPrintOnlyOnFailureTestExecutionListener, WebDriverTestExecutionListener, MockWebServiceServerTestExecutionListener]
2025-11-18T05:54:54.553-05:00 DEBUG 23740 --- [ecomarket] [           main] sContextBeforeModesTestExecutionListener : Before test class: class [ProductControllerTest], class annotated with @DirtiesContext [false] with mode [null]
2025-11-18T05:54:54.597-05:00 DEBUG 23740 --- [ecomarket] [           main] .s.b.w.s.c.ApplicationServletEnvironment : Activating profiles [db, dev]
2025-11-18T05:54:54.598-05:00 DEBUG 23740 --- [ecomarket] [           main] o.s.c.e.PropertySourcesPropertyResolver  : Found key 'spring.application.name' in PropertySource 'configurationProperties' with value of type String
  .   ____          _            __ _ _
 /\\ / ___'_ __ _ _(_)_ __  __ _ \ \ \ \
( ( )\___ | '_ | '_| | '_ \/ _` | \ \ \ \
 \\/  ___)| |_)| | | | | || (_| |  ) ) ) )
  '  |____| .__|_| |_|_| |_\__, | / / / /
 =========|_|==============|___/=/_/_/_/

 :: Spring Boot ::                (v3.3.0)

2025-11-18T05:54:54.602-05:00  INFO 23740 --- [ecomarket] [           main] c.e.product.ProductControllerTest        : Starting ProductControllerTest using Java 25.0.1 with PID 23740 (started by aldai in C:\Users\aldai\Downloads\proyectos\ecomarket-springboot\backend)
2025-11-18T05:54:54.602-05:00  INFO 23740 --- [ecomarket] [           main] c.e.product.ProductControllerTest        : The following 2 profiles are active: "db", "dev"
2025-11-18T05:54:54.602-05:00 DEBUG 23740 --- [ecomarket] [           main] o.s.boot.SpringApplication               : Loading source class com.ecomarket.Main
2025-11-18T05:54:54.604-05:00 DEBUG 23740 --- [ecomarket] [           main] o.s.w.c.s.GenericWebApplicationContext   : Refreshing org.springframework.web.context.support.GenericWebApplicationContext@12f084ae
2025-11-18T05:54:54.605-05:00 DEBUG 23740 --- [ecomarket] [           main] o.s.b.f.s.DefaultListableBeanFactory     : Creating shared instance of singleton bean 'org.springframework.context.annotation.internalConfigurationAnnotationProcessor'
2025-11-18T05:54:54.605-05:00 DEBUG 23740 --- [ecomarket] [           main] o.s.b.f.s.DefaultListableBeanFactory     : Creating shared instance of singleton bean 'org.springframework.boot.autoconfigure.internalCachingMetadataReaderFactory'
2025-11-18T05:54:54.629-05:00 DEBUG 23740 --- [ecomarket] [           main] o.s.c.a.ClassPathBeanDefinitionScanner   : Identified candidate component class: file [C:\Users\aldai\Downloads\proyectos\ecomarket-springboot\backend\target\classes\com\ecomarket\auth\AuthController.class]
2025-11-18T05:54:54.629-05:00 DEBUG 23740 --- [ecomarket] [           main] o.s.c.a.ClassPathBeanDefinitionScanner   : Identified candidate component class: file [C:\Users\aldai\Downloads\proyectos\ecomarket-springboot\backend\target\classes\com\ecomarket\auth\CustomUserDetailsService.class]
2025-11-18T05:54:54.631-05:00 DEBUG 23740 --- [ecomarket] [           main] o.s.c.a.ClassPathBeanDefinitionScanner   : Ignored because not a concrete top-level class: file [C:\Users\aldai\Downloads\proyectos\ecomarket-springboot\backend\target\classes\com\ecomarket\auth\RoleRepository.class]
2025-11-18T05:54:54.632-05:00 DEBUG 23740 --- [ecomarket] [           main] o.s.c.a.ClassPathBeanDefinitionScanner   : Ignored because not a concrete top-level class: file [C:\Users\aldai\Downloads\proyectos\ecomarket-springboot\backend\target\classes\com\ecomarket\auth\UserRepository.class]
2025-11-18T05:54:54.633-05:00 DEBUG 23740 --- [ecomarket] [           main] o.s.c.a.ClassPathBeanDefinitionScanner   : Identified candidate component class: file [C:\Users\aldai\Downloads\proyectos\ecomarket-springboot\backend\target\classes\com\ecomarket\category\CategoryController.class]
2025-11-18T05:54:54.633-05:00 DEBUG 23740 --- [ecomarket] [           main] o.s.c.a.ClassPathBeanDefinitionScanner   : Ignored because not a concrete top-level class: file [C:\Users\aldai\Downloads\proyectos\ecomarket-springboot\backend\target\classes\com\ecomarket\category\CategoryRepository.class]
2025-11-18T05:54:54.634-05:00 DEBUG 23740 --- [ecomarket] [           main] o.s.c.a.ClassPathBeanDefinitionScanner   : Identified candidate component class: file [C:\Users\aldai\Downloads\proyectos\ecomarket-springboot\backend\target\classes\com\ecomarket\category\CategoryService.class]
2025-11-18T05:54:54.635-05:00 DEBUG 23740 --- [ecomarket] [           main] o.s.c.a.ClassPathBeanDefinitionScanner   : Identified candidate component class: file [C:\Users\aldai\Downloads\proyectos\ecomarket-springboot\backend\target\classes\com\ecomarket\config\DataSeeder.class]
2025-11-18T05:54:54.636-05:00 DEBUG 23740 --- [ecomarket] [           main] o.s.c.a.ClassPathBeanDefinitionScanner   : Identified candidate component class: file [C:\Users\aldai\Downloads\proyectos\ecomarket-springboot\backend\target\classes\com\ecomarket\config\WebConfig.class]
2025-11-18T05:54:54.636-05:00 DEBUG 23740 --- [ecomarket] [           main] o.s.c.a.ClassPathBeanDefinitionScanner   : Identified candidate component class: file [C:\Users\aldai\Downloads\proyectos\ecomarket-springboot\backend\target\classes\com\ecomarket\images\ImageController.class]
2025-11-18T05:54:54.637-05:00 DEBUG 23740 --- [ecomarket] [           main] o.s.c.a.ClassPathBeanDefinitionScanner   : Identified candidate component class: file [C:\Users\aldai\Downloads\proyectos\ecomarket-springboot\backend\target\classes\com\ecomarket\images\ImageStorageService.class]
2025-11-18T05:54:54.639-05:00 DEBUG 23740 --- [ecomarket] [           main] o.s.c.a.ClassPathBeanDefinitionScanner   : Identified candidate component class: file [C:\Users\aldai\Downloads\proyectos\ecomarket-springboot\backend\target\classes\com\ecomarket\order\OrderController.class]
2025-11-18T05:54:54.640-05:00 DEBUG 23740 --- [ecomarket] [           main] o.s.c.a.ClassPathBeanDefinitionScanner   : Ignored because not a concrete top-level class: file [C:\Users\aldai\Downloads\proyectos\ecomarket-springboot\backend\target\classes\com\ecomarket\order\OrderItemRepository.class]
2025-11-18T05:54:54.640-05:00 DEBUG 23740 --- [ecomarket] [           main] o.s.c.a.ClassPathBeanDefinitionScanner   : Ignored because not a concrete top-level class: file [C:\Users\aldai\Downloads\proyectos\ecomarket-springboot\backend\target\classes\com\ecomarket\order\OrderRepository.class]
2025-11-18T05:54:54.641-05:00 DEBUG 23740 --- [ecomarket] [           main] o.s.c.a.ClassPathBeanDefinitionScanner   : Identified candidate component class: file [C:\Users\aldai\Downloads\proyectos\ecomarket-springboot\backend\target\classes\com\ecomarket\order\OrderService.class]
2025-11-18T05:54:54.643-05:00 DEBUG 23740 --- [ecomarket] [           main] o.s.c.a.ClassPathBeanDefinitionScanner   : Identified candidate component class: file [C:\Users\aldai\Downloads\proyectos\ecomarket-springboot\backend\target\classes\com\ecomarket\product\ProductController.class]
2025-11-18T05:54:54.643-05:00 DEBUG 23740 --- [ecomarket] [           main] o.s.c.a.ClassPathBeanDefinitionScanner   : Ignored because not a concrete top-level class: file [C:\Users\aldai\Downloads\proyectos\ecomarket-springboot\backend\target\classes\com\ecomarket\product\ProductRepository.class]
2025-11-18T05:54:54.644-05:00 DEBUG 23740 --- [ecomarket] [           main] o.s.c.a.ClassPathBeanDefinitionScanner   : Identified candidate component class: file [C:\Users\aldai\Downloads\proyectos\ecomarket-springboot\backend\target\classes\com\ecomarket\product\ProductService.class]
2025-11-18T05:54:54.645-05:00 DEBUG 23740 --- [ecomarket] [           main] o.s.c.a.ClassPathBeanDefinitionScanner   : Identified candidate component class: file [C:\Users\aldai\Downloads\proyectos\ecomarket-springboot\backend\target\classes\com\ecomarket\security\JwtAuthenticationFilter.class]
2025-11-18T05:54:54.646-05:00 DEBUG 23740 --- [ecomarket] [           main] o.s.c.a.ClassPathBeanDefinitionScanner   : Identified candidate component class: file [C:\Users\aldai\Downloads\proyectos\ecomarket-springboot\backend\target\classes\com\ecomarket\security\JwtService.class]
2025-11-18T05:54:54.647-05:00 DEBUG 23740 --- [ecomarket] [           main] o.s.c.a.ClassPathBeanDefinitionScanner   : Identified candidate component class: file [C:\Users\aldai\Downloads\proyectos\ecomarket-springboot\backend\target\classes\com\ecomarket\security\SecurityConfig.class]
2025-11-18T05:54:54.795-05:00  INFO 23740 --- [ecomarket] [           main] .s.d.r.c.RepositoryConfigurationDelegate : Bootstrapping Spring Data JPA repositories in DEFAULT mode.
2025-11-18T05:54:54.795-05:00 DEBUG 23740 --- [ecomarket] [           main] o.s.b.f.s.DefaultListableBeanFactory     : Creating shared instance of singleton bean 'org.springframework.boot.autoconfigure.AutoConfigurationPackages'
2025-11-18T05:54:54.795-05:00 DEBUG 23740 --- [ecomarket] [           main] o.s.b.a.AutoConfigurationPackages        : @EnableAutoConfiguration was declared on a class in the package 'com.ecomarket'. Automatic @Repository and @Entity scanning is enabled.
2025-11-18T05:54:54.795-05:00 DEBUG 23740 --- [ecomarket] [           main] .s.d.r.c.RepositoryConfigurationDelegate : Scanning for JPA repositories in packages com.ecomarket.
2025-11-18T05:54:54.799-05:00 DEBUG 23740 --- [ecomarket] [           main] o.s.d.r.c.RepositoryComponentProvider    : Identified candidate component class: file [C:\Users\aldai\Downloads\proyectos\ecomarket-springboot\backend\target\classes\com\ecomarket\auth\RoleRepository.class]
2025-11-18T05:54:54.800-05:00 DEBUG 23740 --- [ecomarket] [           main] o.s.d.r.c.RepositoryComponentProvider    : Identified candidate component class: file [C:\Users\aldai\Downloads\proyectos\ecomarket-springboot\backend\target\classes\com\ecomarket\auth\UserRepository.class]
2025-11-18T05:54:54.800-05:00 DEBUG 23740 --- [ecomarket] [           main] o.s.d.r.c.RepositoryComponentProvider    : Identified candidate component class: file [C:\Users\aldai\Downloads\proyectos\ecomarket-springboot\backend\target\classes\com\ecomarket\category\CategoryRepository.class]
2025-11-18T05:54:54.800-05:00 DEBUG 23740 --- [ecomarket] [           main] o.s.d.r.c.RepositoryComponentProvider    : Identified candidate component class: file [C:\Users\aldai\Downloads\proyectos\ecomarket-springboot\backend\target\classes\com\ecomarket\order\OrderItemRepository.class]
2025-11-18T05:54:54.800-05:00 DEBUG 23740 --- [ecomarket] [           main] o.s.d.r.c.RepositoryComponentProvider    : Identified candidate component class: file [C:\Users\aldai\Downloads\proyectos\ecomarket-springboot\backend\target\classes\com\ecomarket\order\OrderRepository.class]
2025-11-18T05:54:54.800-05:00 DEBUG 23740 --- [ecomarket] [           main] o.s.d.r.c.RepositoryComponentProvider    : Identified candidate component class: file [C:\Users\aldai\Downloads\proyectos\ecomarket-springboot\backend\target\classes\com\ecomarket\product\ProductRepository.class]
2025-11-18T05:54:54.812-05:00  INFO 23740 --- [ecomarket] [           main] .s.d.r.c.RepositoryConfigurationDelegate : Finished Spring Data repository scanning in 17 ms. Found 6 JPA repository interfaces.
2025-11-18T05:54:54.839-05:00 DEBUG 23740 --- [ecomarket] [           main] o.s.b.f.s.DefaultListableBeanFactory     : Creating shared instance of singleton bean 'org.springframework.boot.test.context.ImportsContextCustomizer$ImportsCleanupPostProcessor'
2025-11-18T05:54:54.839-05:00 DEBUG 23740 --- [ecomarket] [           main] o.s.b.f.s.DefaultListableBeanFactory     : Creating shared instance of singleton bean 'springSecurityHandlerMappingIntrospectorBeanDefinitionRegistryPostProcessor'
2025-11-18T05:54:54.847-05:00 DEBUG 23740 --- [ecomarket] [           main] o.s.b.f.s.DefaultListableBeanFactory     : Creating shared instance of singleton bean 'propertySourcesPlaceholderConfigurer'
2025-11-18T05:54:54.849-05:00 DEBUG 23740 --- [ecomarket] [           main] o.s.b.f.s.DefaultListableBeanFactory     : Creating shared instance of singleton bean 'org.springframework.boot.test.mock.mockito.MockitoPostProcessor'
2025-11-18T05:54:54.849-05:00 DEBUG 23740 --- [ecomarket] [           main] o.s.b.f.s.DefaultListableBeanFactory     : Creating shared instance of singleton bean 'emBeanDefinitionRegistrarPostProcessor'
2025-11-18T05:54:54.849-05:00 DEBUG 23740 --- [ecomarket] [           main] o.s.b.f.s.DefaultListableBeanFactory     : Creating shared instance of singleton bean 'org.springframework.boot.sql.init.dependency.DatabaseInitializationDependencyConfigurer$DependsOnDatabaseInitializationPostProcessor'
2025-11-18T05:54:54.894-05:00 DEBUG 23740 --- [ecomarket] [           main] o.s.b.f.s.DefaultListableBeanFactory     : Creating shared instance of singleton bean 'org.springframework.context.event.internalEventListenerProcessor'
2025-11-18T05:54:54.894-05:00 DEBUG 23740 --- [ecomarket] [           main] o.s.b.f.s.DefaultListableBeanFactory     : Creating shared instance of singleton bean 'conversionServicePostProcessor'
2025-11-18T05:54:54.894-05:00 DEBUG 23740 --- [ecomarket] [           main] o.s.b.f.s.DefaultListableBeanFactory     : Creating shared instance of singleton bean 'preserveErrorControllerTargetClassPostProcessor'
2025-11-18T05:54:54.895-05:00 DEBUG 23740 --- [ecomarket] [           main] o.s.b.f.s.DefaultListableBeanFactory     : Creating shared instance of singleton bean 'org.springframework.context.event.internalEventListenerFactory'
2025-11-18T05:54:54.895-05:00 DEBUG 23740 --- [ecomarket] [           main] o.s.b.f.s.DefaultListableBeanFactory     : Creating shared instance of singleton bean 'org.springframework.transaction.config.internalTransactionalEventListenerFactory'
2025-11-18T05:54:54.897-05:00 DEBUG 23740 --- [ecomarket] [           main] o.s.b.f.s.DefaultListableBeanFactory     : Creating shared instance of singleton bean 'org.springframework.context.annotation.internalAutowiredAnnotationProcessor'
2025-11-18T05:54:54.898-05:00 DEBUG 23740 --- [ecomarket] [           main] o.s.b.f.s.DefaultListableBeanFactory     : Creating shared instance of singleton bean 'org.springframework.context.annotation.internalCommonAnnotationProcessor'
2025-11-18T05:54:54.898-05:00 DEBUG 23740 --- [ecomarket] [           main] o.s.b.f.s.DefaultListableBeanFactory     : Creating shared instance of singleton bean 'org.springframework.context.annotation.internalPersistenceAnnotationProcessor'
2025-11-18T05:54:54.898-05:00 DEBUG 23740 --- [ecomarket] [           main] o.s.b.f.s.DefaultListableBeanFactory     : Creating shared instance of singleton bean 'org.springframework.boot.test.mock.mockito.MockitoPostProcessor$SpyPostProcessor'
2025-11-18T05:54:54.898-05:00 DEBUG 23740 --- [ecomarket] [           main] o.s.b.f.s.DefaultListableBeanFactory     : Creating shared instance of singleton bean 'org.springframework.boot.context.properties.ConfigurationPropertiesBindingPostProcessor'
2025-11-18T05:54:54.898-05:00 DEBUG 23740 --- [ecomarket] [           main] o.s.b.f.s.DefaultListableBeanFactory     : Creating shared instance of singleton bean 'org.springframework.boot.context.internalConfigurationPropertiesBinder'
2025-11-18T05:54:54.899-05:00 DEBUG 23740 --- [ecomarket] [           main] o.s.b.f.s.DefaultListableBeanFactory     : Creating shared instance of singleton bean 'jdbcConnectionDetailsHikariBeanPostProcessor'
2025-11-18T05:54:54.899-05:00 DEBUG 23740 --- [ecomarket] [           main] o.s.b.f.s.DefaultListableBeanFactory     : Creating shared instance of singleton bean 'org.springframework.aop.config.internalAutoProxyCreator'
2025-11-18T05:54:54.900-05:00 DEBUG 23740 --- [ecomarket] [           main] o.s.b.f.s.DefaultListableBeanFactory     : Creating shared instance of singleton bean 'methodValidationPostProcessor'
2025-11-18T05:54:54.901-05:00 DEBUG 23740 --- [ecomarket] [           main] o.s.b.f.s.DefaultListableBeanFactory     : Autowiring by type from bean name 'methodValidationPostProcessor' via factory method to bean named 'environment'
2025-11-18T05:54:54.902-05:00 DEBUG 23740 --- [ecomarket] [           main] o.s.b.f.s.DefaultListableBeanFactory     : Creating shared instance of singleton bean 'org.springframework.boot.context.properties.EnableConfigurationPropertiesRegistrar.methodValidationExcludeFilter'
2025-11-18T05:54:54.902-05:00 DEBUG 23740 --- [ecomarket] [           main] o.s.b.f.s.DefaultListableBeanFactory     : Creating shared instance of singleton bean 'persistenceExceptionTranslationPostProcessor'
2025-11-18T05:54:54.902-05:00 DEBUG 23740 --- [ecomarket] [           main] o.s.b.f.s.DefaultListableBeanFactory     : Autowiring by type from bean name 'persistenceExceptionTranslationPostProcessor' via factory method to bean named 'environment'
2025-11-18T05:54:54.903-05:00 DEBUG 23740 --- [ecomarket] [           main] o.s.b.f.s.DefaultListableBeanFactory     : Creating shared instance of singleton bean 'webServerFactoryCustomizerBeanPostProcessor'
2025-11-18T05:54:54.903-05:00 DEBUG 23740 --- [ecomarket] [           main] o.s.b.f.s.DefaultListableBeanFactory     : Creating shared instance of singleton bean 'errorPageRegistrarBeanPostProcessor'
2025-11-18T05:54:54.903-05:00 DEBUG 23740 --- [ecomarket] [           main] o.s.b.f.s.DefaultListableBeanFactory     : Creating shared instance of singleton bean 'hypermediaRepresentionModelProcessorConfigurator'
2025-11-18T05:54:54.903-05:00 DEBUG 23740 --- [ecomarket] [           main] o.s.b.f.s.DefaultListableBeanFactory     : Creating shared instance of singleton bean 'preFilterAuthorizationAdvisor'
2025-11-18T05:54:54.903-05:00 DEBUG 23740 --- [ecomarket] [           main] o.s.b.f.s.DefaultListableBeanFactory     : Creating shared instance of singleton bean 'org.springframework.security.config.annotation.method.configuration.PrePostMethodSecurityConfiguration'
2025-11-18T05:54:54.904-05:00 DEBUG 23740 --- [ecomarket] [           main] o.s.b.f.s.DefaultListableBeanFactory     : Autowiring by type from bean name 'preFilterAuthorizationAdvisor' via factory method to bean named 'org.springframework.security.config.annotation.method.configuration.PrePostMethodSecurityConfiguration'
2025-11-18T05:54:54.904-05:00 DEBUG 23740 --- [ecomarket] [           main] o.s.b.f.s.DefaultListableBeanFactory     : Autowiring by type from bean name 'preFilterAuthorizationAdvisor' via factory method to bean named 'org.springframework.web.context.support.GenericWebApplicationContext@12f084ae'
2025-11-18T05:54:54.904-05:00 DEBUG 23740 --- [ecomarket] [           main] o.s.b.f.s.DefaultListableBeanFactory     : Creating shared instance of singleton bean 'preAuthorizeAuthorizationAdvisor'
2025-11-18T05:54:54.904-05:00 DEBUG 23740 --- [ecomarket] [           main] o.s.b.f.s.DefaultListableBeanFactory     : Autowiring by type from bean name 'preAuthorizeAuthorizationAdvisor' via factory method to bean named 'org.springframework.security.config.annotation.method.configuration.PrePostMethodSecurityConfiguration'
2025-11-18T05:54:54.904-05:00 DEBUG 23740 --- [ecomarket] [           main] o.s.b.f.s.DefaultListableBeanFactory     : Autowiring by type from bean name 'preAuthorizeAuthorizationAdvisor' via factory method to bean named 'org.springframework.web.context.support.GenericWebApplicationContext@12f084ae'
2025-11-18T05:54:54.905-05:00 DEBUG 23740 --- [ecomarket] [           main] o.s.b.f.s.DefaultListableBeanFactory     : Creating shared instance of singleton bean 'postFilterAuthorizationAdvisor'
2025-11-18T05:54:54.905-05:00 DEBUG 23740 --- [ecomarket] [           main] o.s.b.f.s.DefaultListableBeanFactory     : Autowiring by type from bean name 'postFilterAuthorizationAdvisor' via factory method to bean named 'org.springframework.security.config.annotation.method.configuration.PrePostMethodSecurityConfiguration'
2025-11-18T05:54:54.905-05:00 DEBUG 23740 --- [ecomarket] [           main] o.s.b.f.s.DefaultListableBeanFactory     : Autowiring by type from bean name 'postFilterAuthorizationAdvisor' via factory method to bean named 'org.springframework.web.context.support.GenericWebApplicationContext@12f084ae'
2025-11-18T05:54:54.905-05:00 DEBUG 23740 --- [ecomarket] [           main] o.s.b.f.s.DefaultListableBeanFactory     : Creating shared instance of singleton bean 'postAuthorizeAuthorizationAdvisor'
2025-11-18T05:54:54.906-05:00 DEBUG 23740 --- [ecomarket] [           main] o.s.b.f.s.DefaultListableBeanFactory     : Autowiring by type from bean name 'postAuthorizeAuthorizationAdvisor' via factory method to bean named 'org.springframework.security.config.annotation.method.configuration.PrePostMethodSecurityConfiguration'
2025-11-18T05:54:54.906-05:00 DEBUG 23740 --- [ecomarket] [           main] o.s.b.f.s.DefaultListableBeanFactory     : Autowiring by type from bean name 'postAuthorizeAuthorizationAdvisor' via factory method to bean named 'org.springframework.web.context.support.GenericWebApplicationContext@12f084ae'
2025-11-18T05:54:54.906-05:00 DEBUG 23740 --- [ecomarket] [           main] o.s.b.f.s.DefaultListableBeanFactory     : Creating shared instance of singleton bean 'authorizeReturnObjectAdvisor'
2025-11-18T05:54:54.906-05:00 DEBUG 23740 --- [ecomarket] [           main] o.s.b.f.s.DefaultListableBeanFactory     : Creating shared instance of singleton bean 'authorizationProxyFactory'
2025-11-18T05:54:54.906-05:00 DEBUG 23740 --- [ecomarket] [           main] o.s.b.f.s.DefaultListableBeanFactory     : Creating shared instance of singleton bean 'org.springframework.transaction.config.internalTransactionAdvisor'
2025-11-18T05:54:54.906-05:00 DEBUG 23740 --- [ecomarket] [           main] o.s.b.f.s.DefaultListableBeanFactory     : Creating shared instance of singleton bean 'org.springframework.transaction.annotation.ProxyTransactionManagementConfiguration'
2025-11-18T05:54:54.909-05:00 DEBUG 23740 --- [ecomarket] [           main] o.s.b.f.s.DefaultListableBeanFactory     : Creating shared instance of singleton bean 'transactionAttributeSource'
2025-11-18T05:54:54.909-05:00 DEBUG 23740 --- [ecomarket] [           main] o.s.b.f.s.DefaultListableBeanFactory     : Creating shared instance of singleton bean 'transactionInterceptor'
2025-11-18T05:54:54.909-05:00 DEBUG 23740 --- [ecomarket] [           main] o.s.b.f.s.DefaultListableBeanFactory     : Autowiring by type from bean name 'transactionInterceptor' via factory method to bean named 'transactionAttributeSource'
2025-11-18T05:54:54.910-05:00 DEBUG 23740 --- [ecomarket] [           main] o.s.b.f.s.DefaultListableBeanFactory     : Autowiring by type from bean name 'org.springframework.transaction.config.internalTransactionAdvisor' via factory method to bean named 'transactionAttributeSource'
2025-11-18T05:54:54.910-05:00 DEBUG 23740 --- [ecomarket] [           main] o.s.b.f.s.DefaultListableBeanFactory     : Autowiring by type from bean name 'org.springframework.transaction.config.internalTransactionAdvisor' via factory method to bean named 'transactionInterceptor'
2025-11-18T05:54:54.911-05:00 DEBUG 23740 --- [ecomarket] [           main] o.s.b.f.s.DefaultListableBeanFactory     : Autowiring by type from bean name 'authorizeReturnObjectAdvisor' via factory method to bean named 'authorizationProxyFactory'
2025-11-18T05:54:54.912-05:00 DEBUG 23740 --- [ecomarket] [           main] o.s.b.f.s.DefaultListableBeanFactory     : Creating shared instance of singleton bean 'hypermediaRestTemplateBeanPostProcessor'
2025-11-18T05:54:54.912-05:00 DEBUG 23740 --- [ecomarket] [           main] o.s.b.f.s.DefaultListableBeanFactory     : Creating shared instance of singleton bean 'projectionDefinitionRegistrar'
2025-11-18T05:54:54.912-05:00 DEBUG 23740 --- [ecomarket] [           main] o.s.b.f.s.DefaultListableBeanFactory     : Creating shared instance of singleton bean 'annotatedEventHandlerInvoker'
2025-11-18T05:54:54.912-05:00 DEBUG 23740 --- [ecomarket] [           main] o.s.u.c.s.UiApplicationContextUtils      : Unable to locate ThemeSource with name 'themeSource': using default [org.springframework.ui.context.support.ResourceBundleThemeSource@35cc60b3]
2025-11-18T05:54:54.913-05:00 DEBUG 23740 --- [ecomarket] [           main] o.s.b.f.s.DefaultListableBeanFactory     : Creating shared instance of singleton bean 'dataSourceScriptDatabaseInitializer'
2025-11-18T05:54:54.913-05:00 DEBUG 23740 --- [ecomarket] [           main] o.s.b.f.s.DefaultListableBeanFactory     : Creating shared instance of singleton bean 'org.springframework.boot.autoconfigure.sql.init.DataSourceInitializationConfiguration'
2025-11-18T05:54:54.913-05:00 DEBUG 23740 --- [ecomarket] [           main] o.s.b.f.s.DefaultListableBeanFactory     : Creating shared instance of singleton bean 'dataSource'
2025-11-18T05:54:54.913-05:00 DEBUG 23740 --- [ecomarket] [           main] o.s.b.f.s.DefaultListableBeanFactory     : Creating shared instance of singleton bean 'org.springframework.boot.autoconfigure.jdbc.DataSourceConfiguration$Hikari'
2025-11-18T05:54:54.913-05:00 DEBUG 23740 --- [ecomarket] [           main] o.s.b.f.s.DefaultListableBeanFactory     : Creating shared instance of singleton bean 'spring.datasource-org.springframework.boot.autoconfigure.jdbc.DataSourceProperties'
2025-11-18T05:54:54.913-05:00 DEBUG 23740 --- [ecomarket] [           main] o.s.b.f.s.DefaultListableBeanFactory     : Creating shared instance of singleton bean 'org.springframework.boot.context.properties.BoundConfigurationProperties'
2025-11-18T05:54:54.915-05:00 DEBUG 23740 --- [ecomarket] [           main] o.s.b.f.s.DefaultListableBeanFactory     : Creating shared instance of singleton bean 'jdbcConnectionDetails'
2025-11-18T05:54:54.915-05:00 DEBUG 23740 --- [ecomarket] [           main] o.s.b.f.s.DefaultListableBeanFactory     : Creating shared instance of singleton bean 'org.springframework.boot.autoconfigure.jdbc.DataSourceAutoConfiguration$PooledDataSourceConfiguration'
2025-11-18T05:54:54.916-05:00 DEBUG 23740 --- [ecomarket] [           main] o.s.b.f.s.DefaultListableBeanFactory     : Autowiring by type from bean name 'jdbcConnectionDetails' via factory method to bean named 'spring.datasource-org.springframework.boot.autoconfigure.jdbc.DataSourceProperties'
2025-11-18T05:54:54.916-05:00 DEBUG 23740 --- [ecomarket] [           main] o.s.b.f.s.DefaultListableBeanFactory     : Autowiring by type from bean name 'dataSource' via factory method to bean named 'spring.datasource-org.springframework.boot.autoconfigure.jdbc.DataSourceProperties'
2025-11-18T05:54:54.916-05:00 DEBUG 23740 --- [ecomarket] [           main] o.s.b.f.s.DefaultListableBeanFactory     : Autowiring by type from bean name 'dataSource' via factory method to bean named 'jdbcConnectionDetails'
2025-11-18T05:54:54.920-05:00 DEBUG 23740 --- [ecomarket] [           main] o.s.b.f.s.DefaultListableBeanFactory     : Creating shared instance of singleton bean 'spring.sql.init-org.springframework.boot.autoconfigure.sql.init.SqlInitializationProperties'
2025-11-18T05:54:54.921-05:00 DEBUG 23740 --- [ecomarket] [           main] o.s.b.f.s.DefaultListableBeanFactory     : Autowiring by type from bean name 'dataSourceScriptDatabaseInitializer' via factory method to bean named 'dataSource'
2025-11-18T05:54:54.921-05:00 DEBUG 23740 --- [ecomarket] [           main] o.s.b.f.s.DefaultListableBeanFactory     : Autowiring by type from bean name 'dataSourceScriptDatabaseInitializer' via factory method to bean named 'spring.sql.init-org.springframework.boot.autoconfigure.sql.init.SqlInitializationProperties'
2025-11-18T05:54:54.922-05:00 DEBUG 23740 --- [ecomarket] [           main] o.s.b.f.s.DefaultListableBeanFactory     : Creating shared instance of singleton bean 'entityManagerFactory'
2025-11-18T05:54:54.922-05:00 DEBUG 23740 --- [ecomarket] [           main] o.s.b.f.s.DefaultListableBeanFactory     : Creating shared instance of singleton bean 'org.springframework.boot.autoconfigure.orm.jpa.HibernateJpaConfiguration'
2025-11-18T05:54:54.922-05:00 DEBUG 23740 --- [ecomarket] [           main] o.s.b.f.s.DefaultListableBeanFactory     : Creating shared instance of singleton bean 'spring.jpa-org.springframework.boot.autoconfigure.orm.jpa.JpaProperties'
2025-11-18T05:54:54.925-05:00 DEBUG 23740 --- [ecomarket] [           main] o.s.b.f.s.DefaultListableBeanFactory     : Creating shared instance of singleton bean 'spring.jpa.hibernate-org.springframework.boot.autoconfigure.orm.jpa.HibernateProperties'
2025-11-18T05:54:54.926-05:00 DEBUG 23740 --- [ecomarket] [           main] o.s.b.f.s.DefaultListableBeanFactory     : Autowiring by type from bean name 'org.springframework.boot.autoconfigure.orm.jpa.HibernateJpaConfiguration' via constructor to bean named 'dataSource'
2025-11-18T05:54:54.926-05:00 DEBUG 23740 --- [ecomarket] [           main] o.s.b.f.s.DefaultListableBeanFactory     : Autowiring by type from bean name 'org.springframework.boot.autoconfigure.orm.jpa.HibernateJpaConfiguration' via constructor to bean named 'spring.jpa-org.springframework.boot.autoconfigure.orm.jpa.JpaProperties'
2025-11-18T05:54:54.926-05:00 DEBUG 23740 --- [ecomarket] [           main] o.s.b.f.s.DefaultListableBeanFactory     : Autowiring by type from bean name 'org.springframework.boot.autoconfigure.orm.jpa.HibernateJpaConfiguration' via constructor to bean named 'org.springframework.beans.factory.support.DefaultListableBeanFactory@22c5269d'
2025-11-18T05:54:54.926-05:00 DEBUG 23740 --- [ecomarket] [           main] o.s.b.f.s.DefaultListableBeanFactory     : Autowiring by type from bean name 'org.springframework.boot.autoconfigure.orm.jpa.HibernateJpaConfiguration' via constructor to bean named 'spring.jpa.hibernate-org.springframework.boot.autoconfigure.orm.jpa.HibernateProperties'
2025-11-18T05:54:54.927-05:00 DEBUG 23740 --- [ecomarket] [           main] o.s.b.f.s.DefaultListableBeanFactory     : Creating shared instance of singleton bean 'hikariPoolDataSourceMetadataProvider'
2025-11-18T05:54:54.927-05:00 DEBUG 23740 --- [ecomarket] [           main] o.s.b.f.s.DefaultListableBeanFactory     : Creating shared instance of singleton bean 'org.springframework.boot.autoconfigure.jdbc.metadata.DataSourcePoolMetadataProvidersConfiguration$HikariPoolDataSourceMetadataProviderConfiguration'
2025-11-18T05:54:54.931-05:00 DEBUG 23740 --- [ecomarket] [           main] o.s.b.f.s.DefaultListableBeanFactory     : Creating shared instance of singleton bean 'entityManagerFactoryBuilder'
2025-11-18T05:54:54.931-05:00 DEBUG 23740 --- [ecomarket] [           main] o.s.b.f.s.DefaultListableBeanFactory     : Creating shared instance of singleton bean 'jpaVendorAdapter'
2025-11-18T05:54:54.932-05:00 DEBUG 23740 --- [ecomarket] [           main] o.s.b.f.s.DefaultListableBeanFactory     : Autowiring by type from bean name 'entityManagerFactoryBuilder' via factory method to bean named 'jpaVendorAdapter'
2025-11-18T05:54:54.933-05:00 DEBUG 23740 --- [ecomarket] [           main] o.s.b.f.s.DefaultListableBeanFactory     : Creating shared instance of singleton bean 'persistenceManagedTypes'
2025-11-18T05:54:54.933-05:00 DEBUG 23740 --- [ecomarket] [           main] o.s.b.f.s.DefaultListableBeanFactory     : Autowiring by type from bean name 'persistenceManagedTypes' via factory method to bean named 'org.springframework.beans.factory.support.DefaultListableBeanFactory@22c5269d'
2025-11-18T05:54:54.933-05:00 DEBUG 23740 --- [ecomarket] [           main] o.s.b.f.s.DefaultListableBeanFactory     : Autowiring by type from bean name 'persistenceManagedTypes' via factory method to bean named 'org.springframework.web.context.support.GenericWebApplicationContext@12f084ae'
2025-11-18T05:54:54.938-05:00 DEBUG 23740 --- [ecomarket] [           main] o.s.b.f.s.DefaultListableBeanFactory     : Autowiring by type from bean name 'entityManagerFactory' via factory method to bean named 'entityManagerFactoryBuilder'
2025-11-18T05:54:54.938-05:00 DEBUG 23740 --- [ecomarket] [           main] o.s.b.f.s.DefaultListableBeanFactory     : Autowiring by type from bean name 'entityManagerFactory' via factory method to bean named 'persistenceManagedTypes'
2025-11-18T05:54:54.939-05:00 DEBUG 23740 --- [ecomarket] [           main] j.LocalContainerEntityManagerFactoryBean : Building JPA container EntityManagerFactory for persistence unit 'default'
2025-11-18T05:54:54.939-05:00  INFO 23740 --- [ecomarket] [           main] o.hibernate.jpa.internal.util.LogHelper  : HHH000204: Processing PersistenceUnitInfo [name: default]
2025-11-18T05:54:54.942-05:00  INFO 23740 --- [ecomarket] [           main] o.h.c.internal.RegionFactoryInitiator    : HHH000026: Second-level cache disabled
2025-11-18T05:54:54.951-05:00  INFO 23740 --- [ecomarket] [           main] o.s.o.j.p.SpringPersistenceUnitInfo      : No LoadTimeWeaver setup: ignoring JPA class transformer
2025-11-18T05:54:54.952-05:00  INFO 23740 --- [ecomarket] [           main] com.zaxxer.hikari.HikariDataSource       : HikariPool-2 - Starting...
2025-11-18T05:54:54.953-05:00  INFO 23740 --- [ecomarket] [           main] com.zaxxer.hikari.pool.HikariPool        : HikariPool-2 - Added connection conn10: url=jdbc:h2:mem:testdb user=ECOMARKET_USER
2025-11-18T05:54:54.953-05:00  INFO 23740 --- [ecomarket] [           main] com.zaxxer.hikari.HikariDataSource       : HikariPool-2 - Start completed.
2025-11-18T05:54:54.954-05:00  WARN 23740 --- [ecomarket] [           main] org.hibernate.orm.deprecation            : HHH90000025: H2Dialect does not need to be specified explicitly using 'hibernate.dialect' (remove the property setting and it will be selected by default)
2025-11-18T05:54:55.087-05:00  INFO 23740 --- [ecomarket] [           main] o.h.e.t.j.p.i.JtaPlatformInitiator       : HHH000489: No JTA platform available (set 'hibernate.transaction.jta.platform' to enable JTA platform integration)
Hibernate: drop table if exists categories cascade 
Hibernate: drop table if exists order_items cascade 
Hibernate: drop table if exists orders cascade 
Hibernate: drop table if exists products cascade 
Hibernate: drop table if exists roles cascade 
Hibernate: drop table if exists users cascade 
Hibernate: drop table if exists users_roles cascade 
Hibernate: create table categories (created_at timestamp(6) not null, id bigint generated by default as identity, updated_at timestamp(6) not null, description varchar(255), name varchar(255) not null unique, primary key (id))
Hibernate: create table order_items (quantity integer, total_price numeric(38,2), unit_price numeric(38,2), id bigint generated by default as identity, order_id bigint not null, product_id bigint not null, primary key (id))
Hibernate: create table orders (total_amount numeric(38,2), created_at timestamp(6), id bigint generated by default as identity, updated_at timestamp(6), user_id bigint not null, billing_address varchar(255), notes varchar(255), shipping_address varchar(255), status enum ('CANCELLED','CONFIRMED','DELIVERED','PENDING','PROCESSING','SHIPPED'), primary key (id))
Hibernate: create table products (is_organic boolean, price numeric(38,2) not null, stock integer not null, category_id bigint, created_at timestamp(6) not null, id bigint generated by default as identity, updated_at timestamp(6) not null, certifications text, description text, image_filename varchar(255), name varchar(255) not null, origin_country varchar(255), primary key (id))
Hibernate: create table roles (id bigint generated by default as identity, name varchar(255) not null unique, primary key (id))
Hibernate: create table users (created_at timestamp(6) not null, id bigint generated by default as identity, email varchar(255) not null unique, password varchar(255) not null, username varchar(255) not null unique, primary key (id))
Hibernate: create table users_roles (role_id bigint not null, user_id bigint not null, primary key (role_id, user_id))
Hibernate: alter table if exists order_items add constraint FKbioxgbv59vetrxe0ejfubep1w foreign key (order_id) references orders
Hibernate: alter table if exists order_items add constraint FKocimc7dtr037rh4ls4l95nlfi foreign key (product_id) references products
Hibernate: alter table if exists orders add constraint FK32ql8ubntj5uh44ph9659tiih foreign key (user_id) references users
Hibernate: alter table if exists products add constraint FKog2rp4qthbtt2lfyhfo32lsw9 foreign key (category_id) references categories
Hibernate: alter table if exists users_roles add constraint FKj6m8fwv7oqv74fcehir1a9ffy foreign key (role_id) references roles
Hibernate: alter table if exists users_roles add constraint FK2o0jvgh89lemvvo17cbqvdxaa foreign key (user_id) references users
2025-11-18T05:54:55.115-05:00  INFO 23740 --- [ecomarket] [           main] j.LocalContainerEntityManagerFactoryBean : Initialized JPA EntityManagerFactory for persistence unit 'default'
2025-11-18T05:54:55.117-05:00 DEBUG 23740 --- [ecomarket] [           main] o.s.b.f.s.DefaultListableBeanFactory     : Creating shared instance of singleton bean 'main'
2025-11-18T05:54:55.118-05:00 DEBUG 23740 --- [ecomarket] [           main] o.s.b.f.s.DefaultListableBeanFactory     : Creating shared instance of singleton bean 'authController'
2025-11-18T05:54:55.119-05:00 DEBUG 23740 --- [ecomarket] [           main] o.s.b.f.s.DefaultListableBeanFactory     : Creating shared instance of singleton bean 'authenticationManager'
2025-11-18T05:54:55.119-05:00 DEBUG 23740 --- [ecomarket] [           main] o.s.b.f.s.DefaultListableBeanFactory     : Creating shared instance of singleton bean 'securityConfig'
2025-11-18T05:54:55.119-05:00 DEBUG 23740 --- [ecomarket] [           main] o.s.b.f.s.DefaultListableBeanFactory     : Creating shared instance of singleton bean 'customUserDetailsService'
2025-11-18T05:54:55.119-05:00 DEBUG 23740 --- [ecomarket] [           main] o.s.b.f.s.DefaultListableBeanFactory     : Creating shared instance of singleton bean 'userRepository'
2025-11-18T05:54:55.121-05:00 DEBUG 23740 --- [ecomarket] [           main] o.s.b.f.s.DefaultListableBeanFactory     : Creating shared instance of singleton bean 'jpa.named-queries#1'
2025-11-18T05:54:55.123-05:00 DEBUG 23740 --- [ecomarket] [           main] o.s.b.f.s.DefaultListableBeanFactory     : Creating shared instance of singleton bean 'jpa.UserRepository.fragments#0'
2025-11-18T05:54:55.124-05:00 DEBUG 23740 --- [ecomarket] [           main] o.s.b.f.s.DefaultListableBeanFactory     : Creating shared instance of singleton bean 'jpaSharedEM_entityManagerFactory'
2025-11-18T05:54:55.128-05:00 DEBUG 23740 --- [ecomarket] [           main] o.s.b.f.s.DefaultListableBeanFactory     : Creating shared instance of singleton bean 'jpaMappingContext'
2025-11-18T05:54:55.128-05:00 DEBUG 23740 --- [ecomarket] [           main] .c.JpaMetamodelMappingContextFactoryBean : Initializing JpaMetamodelMappingContext…
2025-11-18T05:54:55.129-05:00 DEBUG 23740 --- [ecomarket] [           main] .c.JpaMetamodelMappingContextFactoryBean : Finished initializing JpaMetamodelMappingContext
2025-11-18T05:54:55.131-05:00 DEBUG 23740 --- [ecomarket] [           main] tor$SharedEntityManagerInvocationHandler : Creating new EntityManager for shared EntityManager invocation
2025-11-18T05:54:55.134-05:00 DEBUG 23740 --- [ecomarket] [           main] o.s.d.r.c.s.RepositoryFactorySupport     : Initializing repository instance for com.ecomarket.auth.UserRepository…
2025-11-18T05:54:55.135-05:00 DEBUG 23740 --- [ecomarket] [           main] tor$SharedEntityManagerInvocationHandler : Creating new EntityManager for shared EntityManager invocation
2025-11-18T05:54:55.137-05:00 DEBUG 23740 --- [ecomarket] [           main] o.s.d.jpa.repository.query.NamedQuery    : Looking up named query User.existsByUsername
2025-11-18T05:54:55.137-05:00 DEBUG 23740 --- [ecomarket] [           main] o.s.d.jpa.repository.query.NamedQuery    : Did not find named query User.existsByUsername
2025-11-18T05:54:55.137-05:00 DEBUG 23740 --- [ecomarket] [           main] tor$SharedEntityManagerInvocationHandler : Creating new EntityManager for shared EntityManager invocation
2025-11-18T05:54:55.138-05:00 DEBUG 23740 --- [ecomarket] [           main] o.s.d.jpa.repository.query.NamedQuery    : Looking up named query User.existsByEmail
2025-11-18T05:54:55.138-05:00 DEBUG 23740 --- [ecomarket] [           main] o.s.d.jpa.repository.query.NamedQuery    : Did not find named query User.existsByEmail
2025-11-18T05:54:55.138-05:00 DEBUG 23740 --- [ecomarket] [           main] tor$SharedEntityManagerInvocationHandler : Creating new EntityManager for shared EntityManager invocation
2025-11-18T05:54:55.139-05:00 DEBUG 23740 --- [ecomarket] [           main] o.s.d.jpa.repository.query.NamedQuery    : Looking up named query User.findByUsername
2025-11-18T05:54:55.139-05:00 DEBUG 23740 --- [ecomarket] [           main] o.s.d.jpa.repository.query.NamedQuery    : Did not find named query User.findByUsername
2025-11-18T05:54:55.139-05:00 DEBUG 23740 --- [ecomarket] [           main] tor$SharedEntityManagerInvocationHandler : Creating new EntityManager for shared EntityManager invocation
2025-11-18T05:54:55.140-05:00 DEBUG 23740 --- [ecomarket] [           main] o.s.d.jpa.repository.query.NamedQuery    : Looking up named query User.findByEmail
2025-11-18T05:54:55.140-05:00 DEBUG 23740 --- [ecomarket] [           main] o.s.d.jpa.repository.query.NamedQuery    : Did not find named query User.findByEmail
2025-11-18T05:54:55.140-05:00 DEBUG 23740 --- [ecomarket] [           main] tor$SharedEntityManagerInvocationHandler : Creating new EntityManager for shared EntityManager invocation
2025-11-18T05:54:55.140-05:00 DEBUG 23740 --- [ecomarket] [           main] o.s.d.r.c.s.RepositoryFactorySupport     : Finished creation of repository instance for com.ecomarket.auth.UserRepository.
2025-11-18T05:54:55.142-05:00 DEBUG 23740 --- [ecomarket] [           main] o.s.b.f.s.DefaultListableBeanFactory     : Autowiring by type from bean name 'customUserDetailsService' via constructor to bean named 'userRepository'
2025-11-18T05:54:55.143-05:00 DEBUG 23740 --- [ecomarket] [           main] o.s.b.f.s.DefaultListableBeanFactory     : Creating shared instance of singleton bean 'jwtAuthenticationFilter'
2025-11-18T05:54:55.143-05:00 DEBUG 23740 --- [ecomarket] [           main] o.s.b.f.s.DefaultListableBeanFactory     : Creating shared instance of singleton bean 'jwtService'
2025-11-18T05:54:55.144-05:00 DEBUG 23740 --- [ecomarket] [           main] o.s.c.e.PropertySourcesPropertyResolver  : Found key 'jwt.secret' in PropertySource 'environmentProperties' with value of type String
2025-11-18T05:54:55.144-05:00 DEBUG 23740 --- [ecomarket] [           main] o.s.c.e.PropertySourcesPropertyResolver  : Found key 'jwt.expiration-ms' in PropertySource 'environmentProperties' with value of type String
2025-11-18T05:54:55.145-05:00 DEBUG 23740 --- [ecomarket] [           main] o.s.b.f.s.DefaultListableBeanFactory     : Autowiring by type from bean name 'jwtAuthenticationFilter' via constructor to bean named 'jwtService'
2025-11-18T05:54:55.145-05:00 DEBUG 23740 --- [ecomarket] [           main] o.s.b.f.s.DefaultListableBeanFactory     : Autowiring by type from bean name 'jwtAuthenticationFilter' via constructor to bean named 'customUserDetailsService'
2025-11-18T05:54:55.146-05:00 DEBUG 23740 --- [ecomarket] [           main] o.s.b.f.s.DefaultListableBeanFactory     : Autowiring by type from bean name 'securityConfig' via constructor to bean named 'customUserDetailsService'
2025-11-18T05:54:55.146-05:00 DEBUG 23740 --- [ecomarket] [           main] o.s.b.f.s.DefaultListableBeanFactory     : Autowiring by type from bean name 'securityConfig' via constructor to bean named 'jwtAuthenticationFilter'
2025-11-18T05:54:55.146-05:00 DEBUG 23740 --- [ecomarket] [           main] o.s.b.f.s.DefaultListableBeanFactory     : Creating shared instance of singleton bean 'org.springframework.security.config.annotation.authentication.configuration.AuthenticationConfiguration'
2025-11-18T05:54:55.147-05:00 DEBUG 23740 --- [ecomarket] [           main] o.s.b.f.s.DefaultListableBeanFactory     : Creating shared instance of singleton bean 'enableGlobalAuthenticationAutowiredConfigurer'
2025-11-18T05:54:55.147-05:00 DEBUG 23740 --- [ecomarket] [           main] o.s.b.f.s.DefaultListableBeanFactory     : Autowiring by type from bean name 'enableGlobalAuthenticationAutowiredConfigurer' via factory method to bean named 'org.springframework.web.context.support.GenericWebApplicationContext@12f084ae'
2025-11-18T05:54:55.148-05:00 DEBUG 23740 --- [ecomarket] [           main] o.s.b.f.s.DefaultListableBeanFactory     : Creating shared instance of singleton bean 'initializeUserDetailsBeanManagerConfigurer'
2025-11-18T05:54:55.148-05:00 DEBUG 23740 --- [ecomarket] [           main] o.s.b.f.s.DefaultListableBeanFactory     : Autowiring by type from bean name 'initializeUserDetailsBeanManagerConfigurer' via factory method to bean named 'org.springframework.web.context.support.GenericWebApplicationContext@12f084ae'
2025-11-18T05:54:55.149-05:00 DEBUG 23740 --- [ecomarket] [           main] o.s.b.f.s.DefaultListableBeanFactory     : Creating shared instance of singleton bean 'initializeAuthenticationProviderBeanManagerConfigurer'
2025-11-18T05:54:55.149-05:00 DEBUG 23740 --- [ecomarket] [           main] o.s.b.f.s.DefaultListableBeanFactory     : Autowiring by type from bean name 'initializeAuthenticationProviderBeanManagerConfigurer' via factory method to bean named 'org.springframework.web.context.support.GenericWebApplicationContext@12f084ae'
2025-11-18T05:54:55.150-05:00 DEBUG 23740 --- [ecomarket] [           main] o.s.b.f.s.DefaultListableBeanFactory     : Creating shared instance of singleton bean 'objectPostProcessor'
2025-11-18T05:54:55.150-05:00 DEBUG 23740 --- [ecomarket] [           main] o.s.b.f.s.DefaultListableBeanFactory     : Creating shared instance of singleton bean 'org.springframework.security.config.annotation.configuration.ObjectPostProcessorConfiguration'
2025-11-18T05:54:55.151-05:00 DEBUG 23740 --- [ecomarket] [           main] o.s.b.f.s.DefaultListableBeanFactory     : Autowiring by type from bean name 'objectPostProcessor' via factory method to bean named 'org.springframework.beans.factory.support.DefaultListableBeanFactory@22c5269d'
2025-11-18T05:54:55.151-05:00 DEBUG 23740 --- [ecomarket] [           main] o.s.b.f.s.DefaultListableBeanFactory     : Autowiring by type from bean name 'authenticationManager' via factory method to bean named 'org.springframework.security.config.annotation.authentication.configuration.AuthenticationConfiguration'
2025-11-18T05:54:55.151-05:00 DEBUG 23740 --- [ecomarket] [           main] o.s.b.f.s.DefaultListableBeanFactory     : Creating shared instance of singleton bean 'authenticationManagerBuilder'
2025-11-18T05:54:55.151-05:00 DEBUG 23740 --- [ecomarket] [           main] o.s.b.f.s.DefaultListableBeanFactory     : Autowiring by type from bean name 'authenticationManagerBuilder' via factory method to bean named 'objectPostProcessor'
2025-11-18T05:54:55.151-05:00 DEBUG 23740 --- [ecomarket] [           main] o.s.b.f.s.DefaultListableBeanFactory     : Autowiring by type from bean name 'authenticationManagerBuilder' via factory method to bean named 'org.springframework.web.context.support.GenericWebApplicationContext@12f084ae'
2025-11-18T05:54:55.154-05:00 DEBUG 23740 --- [ecomarket] [           main] o.s.b.f.s.DefaultListableBeanFactory     : Creating shared instance of singleton bean 'com.ecomarket.product.TestSecurityConfig'
2025-11-18T05:54:55.155-05:00 DEBUG 23740 --- [ecomarket] [           main] o.s.b.f.s.DefaultListableBeanFactory     : Creating shared instance of singleton bean 'passwordEncoder'
2025-11-18T05:54:55.155-05:00  INFO 23740 --- [ecomarket] [           main] r$InitializeUserDetailsManagerConfigurer : Global AuthenticationManager configured with UserDetailsService bean with name customUserDetailsService
2025-11-18T05:54:55.156-05:00 DEBUG 23740 --- [ecomarket] [           main] o.s.b.f.s.DefaultListableBeanFactory     : Creating shared instance of singleton bean 'roleRepository'
2025-11-18T05:54:55.157-05:00 DEBUG 23740 --- [ecomarket] [           main] o.s.b.f.s.DefaultListableBeanFactory     : Creating shared instance of singleton bean 'jpa.named-queries#5'
2025-11-18T05:54:55.158-05:00 DEBUG 23740 --- [ecomarket] [           main] o.s.b.f.s.DefaultListableBeanFactory     : Creating shared instance of singleton bean 'jpa.RoleRepository.fragments#0'
2025-11-18T05:54:55.158-05:00 DEBUG 23740 --- [ecomarket] [           main] tor$SharedEntityManagerInvocationHandler : Creating new EntityManager for shared EntityManager invocation
2025-11-18T05:54:55.159-05:00 DEBUG 23740 --- [ecomarket] [           main] o.s.d.r.c.s.RepositoryFactorySupport     : Initializing repository instance for com.ecomarket.auth.RoleRepository…
2025-11-18T05:54:55.159-05:00 DEBUG 23740 --- [ecomarket] [           main] tor$SharedEntityManagerInvocationHandler : Creating new EntityManager for shared EntityManager invocation
2025-11-18T05:54:55.160-05:00 DEBUG 23740 --- [ecomarket] [           main] o.s.d.jpa.repository.query.NamedQuery    : Looking up named query Role.findByName
2025-11-18T05:54:55.160-05:00 DEBUG 23740 --- [ecomarket] [           main] o.s.d.jpa.repository.query.NamedQuery    : Did not find named query Role.findByName
2025-11-18T05:54:55.160-05:00 DEBUG 23740 --- [ecomarket] [           main] tor$SharedEntityManagerInvocationHandler : Creating new EntityManager for shared EntityManager invocation
2025-11-18T05:54:55.161-05:00 DEBUG 23740 --- [ecomarket] [           main] o.s.d.r.c.s.RepositoryFactorySupport     : Finished creation of repository instance for com.ecomarket.auth.RoleRepository.
2025-11-18T05:54:55.164-05:00 DEBUG 23740 --- [ecomarket] [           main] o.s.b.f.s.DefaultListableBeanFactory     : Autowiring by type from bean name 'authController' via constructor to bean named 'authenticationManager'
2025-11-18T05:54:55.164-05:00 DEBUG 23740 --- [ecomarket] [           main] o.s.b.f.s.DefaultListableBeanFactory     : Autowiring by type from bean name 'authController' via constructor to bean named 'userRepository'
2025-11-18T05:54:55.164-05:00 DEBUG 23740 --- [ecomarket] [           main] o.s.b.f.s.DefaultListableBeanFactory     : Autowiring by type from bean name 'authController' via constructor to bean named 'roleRepository'
2025-11-18T05:54:55.164-05:00 DEBUG 23740 --- [ecomarket] [           main] o.s.b.f.s.DefaultListableBeanFactory     : Autowiring by type from bean name 'authController' via constructor to bean named 'passwordEncoder'
2025-11-18T05:54:55.164-05:00 DEBUG 23740 --- [ecomarket] [           main] o.s.b.f.s.DefaultListableBeanFactory     : Autowiring by type from bean name 'authController' via constructor to bean named 'jwtService'
2025-11-18T05:54:55.164-05:00 DEBUG 23740 --- [ecomarket] [           main] o.s.b.f.s.DefaultListableBeanFactory     : Creating shared instance of singleton bean 'categoryController'
2025-11-18T05:54:55.165-05:00 DEBUG 23740 --- [ecomarket] [           main] o.s.b.f.s.DefaultListableBeanFactory     : Creating shared instance of singleton bean 'categoryService'
2025-11-18T05:54:55.165-05:00 DEBUG 23740 --- [ecomarket] [           main] o.s.b.f.s.DefaultListableBeanFactory     : Creating shared instance of singleton bean 'categoryRepository'
2025-11-18T05:54:55.165-05:00 DEBUG 23740 --- [ecomarket] [           main] o.s.b.f.s.DefaultListableBeanFactory     : Creating shared instance of singleton bean 'jpa.named-queries#2'
2025-11-18T05:54:55.166-05:00 DEBUG 23740 --- [ecomarket] [           main] o.s.b.f.s.DefaultListableBeanFactory     : Creating shared instance of singleton bean 'jpa.CategoryRepository.fragments#0'
2025-11-18T05:54:55.167-05:00 DEBUG 23740 --- [ecomarket] [           main] tor$SharedEntityManagerInvocationHandler : Creating new EntityManager for shared EntityManager invocation
2025-11-18T05:54:55.168-05:00 DEBUG 23740 --- [ecomarket] [           main] o.s.d.r.c.s.RepositoryFactorySupport     : Initializing repository instance for com.ecomarket.category.CategoryRepository…
2025-11-18T05:54:55.168-05:00 DEBUG 23740 --- [ecomarket] [           main] tor$SharedEntityManagerInvocationHandler : Creating new EntityManager for shared EntityManager invocation
2025-11-18T05:54:55.169-05:00 DEBUG 23740 --- [ecomarket] [           main] o.s.d.jpa.repository.query.NamedQuery    : Looking up named query Category.findByName
2025-11-18T05:54:55.169-05:00 DEBUG 23740 --- [ecomarket] [           main] o.s.d.jpa.repository.query.NamedQuery    : Did not find named query Category.findByName
2025-11-18T05:54:55.169-05:00 DEBUG 23740 --- [ecomarket] [           main] tor$SharedEntityManagerInvocationHandler : Creating new EntityManager for shared EntityManager invocation
2025-11-18T05:54:55.170-05:00 DEBUG 23740 --- [ecomarket] [           main] o.s.d.r.c.s.RepositoryFactorySupport     : Finished creation of repository instance for com.ecomarket.category.CategoryRepository.
2025-11-18T05:54:55.171-05:00 DEBUG 23740 --- [ecomarket] [           main] o.s.b.f.s.DefaultListableBeanFactory     : Autowiring by type from bean name 'categoryService' via constructor to bean named 'categoryRepository'
2025-11-18T05:54:55.171-05:00 DEBUG 23740 --- [ecomarket] [           main] o.s.b.f.s.DefaultListableBeanFactory     : Autowiring by type from bean name 'categoryController' via constructor to bean named 'categoryService'
2025-11-18T05:54:55.172-05:00 DEBUG 23740 --- [ecomarket] [           main] o.s.b.f.s.DefaultListableBeanFactory     : Creating shared instance of singleton bean 'dataSeeder'
2025-11-18T05:54:55.172-05:00 DEBUG 23740 --- [ecomarket] [           main] o.s.b.f.s.DefaultListableBeanFactory     : Creating shared instance of singleton bean 'productRepository'
2025-11-18T05:54:55.173-05:00 DEBUG 23740 --- [ecomarket] [           main] o.s.b.f.s.DefaultListableBeanFactory     : Creating shared instance of singleton bean 'jpa.named-queries#4'
2025-11-18T05:54:55.173-05:00 DEBUG 23740 --- [ecomarket] [           main] o.s.b.f.s.DefaultListableBeanFactory     : Creating shared instance of singleton bean 'jpa.ProductRepository.fragments#0'
2025-11-18T05:54:55.173-05:00 DEBUG 23740 --- [ecomarket] [           main] tor$SharedEntityManagerInvocationHandler : Creating new EntityManager for shared EntityManager invocation
2025-11-18T05:54:55.177-05:00 DEBUG 23740 --- [ecomarket] [           main] o.s.d.r.c.s.RepositoryFactorySupport     : Initializing repository instance for com.ecomarket.product.ProductRepository…
2025-11-18T05:54:55.177-05:00 DEBUG 23740 --- [ecomarket] [           main] tor$SharedEntityManagerInvocationHandler : Creating new EntityManager for shared EntityManager invocation
2025-11-18T05:54:55.178-05:00 DEBUG 23740 --- [ecomarket] [           main] o.s.d.r.c.s.RepositoryFactorySupport     : Finished creation of repository instance for com.ecomarket.product.ProductRepository.
2025-11-18T05:54:55.179-05:00 DEBUG 23740 --- [ecomarket] [           main] o.s.b.f.s.DefaultListableBeanFactory     : Autowiring by type from bean name 'dataSeeder' via constructor to bean named 'roleRepository'
2025-11-18T05:54:55.179-05:00 DEBUG 23740 --- [ecomarket] [           main] o.s.b.f.s.DefaultListableBeanFactory     : Autowiring by type from bean name 'dataSeeder' via constructor to bean named 'userRepository'
2025-11-18T05:54:55.179-05:00 DEBUG 23740 --- [ecomarket] [           main] o.s.b.f.s.DefaultListableBeanFactory     : Autowiring by type from bean name 'dataSeeder' via constructor to bean named 'categoryRepository'
2025-11-18T05:54:55.179-05:00 DEBUG 23740 --- [ecomarket] [           main] o.s.b.f.s.DefaultListableBeanFactory     : Autowiring by type from bean name 'dataSeeder' via constructor to bean named 'productRepository'
2025-11-18T05:54:55.179-05:00 DEBUG 23740 --- [ecomarket] [           main] o.s.b.f.s.DefaultListableBeanFactory     : Autowiring by type from bean name 'dataSeeder' via constructor to bean named 'passwordEncoder'
2025-11-18T05:54:55.179-05:00 DEBUG 23740 --- [ecomarket] [           main] o.s.b.f.s.DefaultListableBeanFactory     : Creating shared instance of singleton bean 'webConfig'
2025-11-18T05:54:55.180-05:00 DEBUG 23740 --- [ecomarket] [           main] o.s.b.f.s.DefaultListableBeanFactory     : Creating shared instance of singleton bean 'imageController'
2025-11-18T05:54:55.180-05:00 DEBUG 23740 --- [ecomarket] [           main] o.s.b.f.s.DefaultListableBeanFactory     : Creating shared instance of singleton bean 'imageStorageService'
2025-11-18T05:54:55.180-05:00 DEBUG 23740 --- [ecomarket] [           main] o.s.c.e.PropertySourcesPropertyResolver  : Found key 'user.dir' in PropertySource 'environmentProperties' with value of type String
2025-11-18T05:54:55.180-05:00 DEBUG 23740 --- [ecomarket] [           main] o.s.c.e.PropertySourcesPropertyResolver  : Found key 'file.upload-dir' in PropertySource 'environmentProperties' with value of type String
2025-11-18T05:54:55.181-05:00 DEBUG 23740 --- [ecomarket] [           main] o.s.b.f.s.DefaultListableBeanFactory     : Autowiring by type from bean name 'imageController' via constructor to bean named 'imageStorageService'
2025-11-18T05:54:55.181-05:00 DEBUG 23740 --- [ecomarket] [           main] o.s.b.f.s.DefaultListableBeanFactory     : Creating shared instance of singleton bean 'orderController'
2025-11-18T05:54:55.181-05:00 DEBUG 23740 --- [ecomarket] [           main] o.s.b.f.s.DefaultListableBeanFactory     : Creating shared instance of singleton bean 'orderService'
2025-11-18T05:54:55.182-05:00 DEBUG 23740 --- [ecomarket] [           main] o.s.b.f.s.DefaultListableBeanFactory     : Creating shared instance of singleton bean 'orderRepository'
2025-11-18T05:54:55.182-05:00 DEBUG 23740 --- [ecomarket] [           main] o.s.b.f.s.DefaultListableBeanFactory     : Creating shared instance of singleton bean 'jpa.named-queries#3'
2025-11-18T05:54:55.183-05:00 DEBUG 23740 --- [ecomarket] [           main] o.s.b.f.s.DefaultListableBeanFactory     : Creating shared instance of singleton bean 'jpa.OrderRepository.fragments#0'
2025-11-18T05:54:55.183-05:00 DEBUG 23740 --- [ecomarket] [           main] tor$SharedEntityManagerInvocationHandler : Creating new EntityManager for shared EntityManager invocation
2025-11-18T05:54:55.188-05:00 DEBUG 23740 --- [ecomarket] [           main] o.s.d.r.c.s.RepositoryFactorySupport     : Initializing repository instance for com.ecomarket.order.OrderRepository…
2025-11-18T05:54:55.188-05:00 DEBUG 23740 --- [ecomarket] [           main] tor$SharedEntityManagerInvocationHandler : Creating new EntityManager for shared EntityManager invocation
2025-11-18T05:54:55.189-05:00 DEBUG 23740 --- [ecomarket] [           main] o.s.d.r.c.s.RepositoryFactorySupport     : Finished creation of repository instance for com.ecomarket.order.OrderRepository.
2025-11-18T05:54:55.191-05:00 DEBUG 23740 --- [ecomarket] [           main] o.s.b.f.s.DefaultListableBeanFactory     : Creating shared instance of singleton bean 'orderItemRepository'
2025-11-18T05:54:55.192-05:00 DEBUG 23740 --- [ecomarket] [           main] o.s.b.f.s.DefaultListableBeanFactory     : Creating shared instance of singleton bean 'jpa.named-queries#0'
2025-11-18T05:54:55.193-05:00 DEBUG 23740 --- [ecomarket] [           main] o.s.b.f.s.DefaultListableBeanFactory     : Creating shared instance of singleton bean 'jpa.OrderItemRepository.fragments#0'
2025-11-18T05:54:55.193-05:00 DEBUG 23740 --- [ecomarket] [           main] tor$SharedEntityManagerInvocationHandler : Creating new EntityManager for shared EntityManager invocation
2025-11-18T05:54:55.193-05:00 DEBUG 23740 --- [ecomarket] [           main] o.s.d.r.c.s.RepositoryFactorySupport     : Initializing repository instance for com.ecomarket.order.OrderItemRepository…
2025-11-18T05:54:55.193-05:00 DEBUG 23740 --- [ecomarket] [           main] tor$SharedEntityManagerInvocationHandler : Creating new EntityManager for shared EntityManager invocation
2025-11-18T05:54:55.194-05:00 DEBUG 23740 --- [ecomarket] [           main] o.s.d.r.c.s.RepositoryFactorySupport     : Finished creation of repository instance for com.ecomarket.order.OrderItemRepository.
2025-11-18T05:54:55.196-05:00 DEBUG 23740 --- [ecomarket] [           main] o.s.b.f.s.DefaultListableBeanFactory     : Autowiring by type from bean name 'orderService' via constructor to bean named 'orderRepository'
2025-11-18T05:54:55.196-05:00 DEBUG 23740 --- [ecomarket] [           main] o.s.b.f.s.DefaultListableBeanFactory     : Autowiring by type from bean name 'orderService' via constructor to bean named 'orderItemRepository'
2025-11-18T05:54:55.196-05:00 DEBUG 23740 --- [ecomarket] [           main] o.s.b.f.s.DefaultListableBeanFactory     : Autowiring by type from bean name 'orderService' via constructor to bean named 'productRepository'
2025-11-18T05:54:55.202-05:00 DEBUG 23740 --- [ecomarket] [           main] o.s.b.f.s.DefaultListableBeanFactory     : Autowiring by type from bean name 'orderController' via constructor to bean named 'orderService'
2025-11-18T05:54:55.202-05:00 DEBUG 23740 --- [ecomarket] [           main] o.s.b.f.s.DefaultListableBeanFactory     : Creating shared instance of singleton bean 'productController'
2025-11-18T05:54:55.203-05:00 DEBUG 23740 --- [ecomarket] [           main] o.s.b.f.s.DefaultListableBeanFactory     : Autowiring by type from bean name 'productController' via constructor to bean named 'productService'
2025-11-18T05:54:55.203-05:00 DEBUG 23740 --- [ecomarket] [           main] o.s.b.f.s.DefaultListableBeanFactory     : Creating shared instance of singleton bean 'org.springframework.security.config.annotation.web.configuration.WebSecurityConfiguration'
2025-11-18T05:54:55.205-05:00 DEBUG 23740 --- [ecomarket] [           main] o.s.b.f.s.DefaultListableBeanFactory     : Creating shared instance of singleton bean 'org.springframework.security.config.annotation.web.configuration.HttpSecurityConfiguration'
2025-11-18T05:54:55.206-05:00 DEBUG 23740 --- [ecomarket] [           main] o.s.b.f.s.DefaultListableBeanFactory     : Creating shared instance of singleton bean 'mvcContentNegotiationManager'
2025-11-18T05:54:55.206-05:00 DEBUG 23740 --- [ecomarket] [           main] o.s.b.f.s.DefaultListableBeanFactory     : Creating shared instance of singleton bean 'org.springframework.web.servlet.config.annotation.DelegatingWebMvcConfiguration'
2025-11-18T05:54:55.207-05:00 DEBUG 23740 --- [ecomarket] [           main] o.s.b.f.s.DefaultListableBeanFactory     : Creating shared instance of singleton bean 'org.springframework.security.config.annotation.web.configuration.WebMvcSecurityConfiguration'
2025-11-18T05:54:55.207-05:00 DEBUG 23740 --- [ecomarket] [           main] o.s.b.f.s.DefaultListableBeanFactory     : Creating shared instance of singleton bean 'openEntityManagerInViewInterceptorConfigurer'
2025-11-18T05:54:55.207-05:00 DEBUG 23740 --- [ecomarket] [           main] o.s.b.f.s.DefaultListableBeanFactory     : Creating shared instance of singleton bean 'org.springframework.boot.autoconfigure.orm.jpa.JpaBaseConfiguration$JpaWebConfiguration'
2025-11-18T05:54:55.207-05:00 DEBUG 23740 --- [ecomarket] [           main] o.s.b.f.s.DefaultListableBeanFactory     : Autowiring by type from bean name 'org.springframework.boot.autoconfigure.orm.jpa.JpaBaseConfiguration$JpaWebConfiguration' via constructor to bean named 'spring.jpa-org.springframework.boot.autoconfigure.orm.jpa.JpaProperties'
2025-11-18T05:54:55.208-05:00 DEBUG 23740 --- [ecomarket] [           main] o.s.b.f.s.DefaultListableBeanFactory     : Creating shared instance of singleton bean 'openEntityManagerInViewInterceptor'
2025-11-18T05:54:55.208-05:00  WARN 23740 --- [ecomarket] [           main] JpaBaseConfiguration$JpaWebConfiguration : spring.jpa.open-in-view is enabled by default. Therefore, database queries may be performed during view rendering. Explicitly configure spring.jpa.open-in-view to disable this warning
2025-11-18T05:54:55.208-05:00 DEBUG 23740 --- [ecomarket] [           main] o.s.b.f.s.DefaultListableBeanFactory     : Autowiring by type from bean name 'openEntityManagerInViewInterceptorConfigurer' via factory method to bean named 'openEntityManagerInViewInterceptor'
2025-11-18T05:54:55.209-05:00 DEBUG 23740 --- [ecomarket] [           main] o.s.b.f.s.DefaultListableBeanFactory     : Creating shared instance of singleton bean 'hypermediaWebMvcConfigurer'
2025-11-18T05:54:55.209-05:00 DEBUG 23740 --- [ecomarket] [           main] o.s.b.f.s.DefaultListableBeanFactory     : Creating shared instance of singleton bean 'org.springframework.hateoas.config.WebMvcHateoasConfiguration'
2025-11-18T05:54:55.209-05:00 DEBUG 23740 --- [ecomarket] [           main] o.s.b.f.s.DefaultListableBeanFactory     : Creating shared instance of singleton bean 'hypermediaWebMvcConverters'
2025-11-18T05:54:55.209-05:00 DEBUG 23740 --- [ecomarket] [           main] o.s.b.f.s.DefaultListableBeanFactory     : Creating shared instance of singleton bean 'org.springframework.hateoas.config.HateoasConfiguration'
2025-11-18T05:54:55.210-05:00 DEBUG 23740 --- [ecomarket] [           main] o.s.b.f.s.DefaultListableBeanFactory     : Creating shared instance of singleton bean 'org.springframework.hateoas.mediatype.hal.HalMediaTypeConfiguration'
2025-11-18T05:54:55.210-05:00 DEBUG 23740 --- [ecomarket] [           main] o.s.b.f.s.DefaultListableBeanFactory     : Creating shared instance of singleton bean '_relProvider'
2025-11-18T05:54:55.210-05:00 DEBUG 23740 --- [ecomarket] [           main] o.s.b.f.s.DefaultListableBeanFactory     : Creating shared instance of singleton bean 'relProviderPluginRegistry'
2025-11-18T05:54:55.210-05:00 DEBUG 23740 --- [ecomarket] [           main] o.s.b.f.s.DefaultListableBeanFactory     : Autowiring by type from bean name 'relProviderPluginRegistry' via factory method to bean named 'org.springframework.web.context.support.GenericWebApplicationContext@12f084ae'
2025-11-18T05:54:55.211-05:00 DEBUG 23740 --- [ecomarket] [           main] o.s.b.f.s.DefaultListableBeanFactory     : Autowiring by type from bean name '_relProvider' via factory method to bean named 'relProviderPluginRegistry'
2025-11-18T05:54:55.212-05:00 DEBUG 23740 --- [ecomarket] [           main] o.s.b.f.s.DefaultListableBeanFactory     : Creating shared instance of singleton bean 'messageResolver'
2025-11-18T05:54:55.212-05:00 DEBUG 23740 --- [ecomarket] [           main] o.s.b.f.s.DefaultListableBeanFactory     : Autowiring by type from bean name 'org.springframework.hateoas.mediatype.hal.HalMediaTypeConfiguration' via constructor to bean named '_relProvider'
2025-11-18T05:54:55.213-05:00 DEBUG 23740 --- [ecomarket] [           main] o.s.b.f.s.DefaultListableBeanFactory     : Autowiring by type from bean name 'org.springframework.hateoas.mediatype.hal.HalMediaTypeConfiguration' via constructor to bean named 'messageResolver'
2025-11-18T05:54:55.213-05:00 DEBUG 23740 --- [ecomarket] [           main] o.s.b.f.s.DefaultListableBeanFactory     : Autowiring by type from bean name 'org.springframework.hateoas.mediatype.hal.HalMediaTypeConfiguration' via constructor to bean named 'org.springframework.beans.factory.support.DefaultListableBeanFactory@22c5269d'
2025-11-18T05:54:55.213-05:00 DEBUG 23740 --- [ecomarket] [           main] o.s.b.f.s.DefaultListableBeanFactory     : Creating shared instance of singleton bean 'org.springframework.hateoas.mediatype.hal.forms.HalFormsMediaTypeConfiguration'
2025-11-18T05:54:55.213-05:00 DEBUG 23740 --- [ecomarket] [           main] o.s.b.f.s.DefaultListableBeanFactory     : Autowiring by type from bean name 'org.springframework.hateoas.mediatype.hal.forms.HalFormsMediaTypeConfiguration' via constructor to bean named '_relProvider'
2025-11-18T05:54:55.213-05:00 DEBUG 23740 --- [ecomarket] [           main] o.s.b.f.s.DefaultListableBeanFactory     : Autowiring by type from bean name 'org.springframework.hateoas.mediatype.hal.forms.HalFormsMediaTypeConfiguration' via constructor to bean named 'messageResolver'
2025-11-18T05:54:55.213-05:00 DEBUG 23740 --- [ecomarket] [           main] o.s.b.f.s.DefaultListableBeanFactory     : Autowiring by type from bean name 'org.springframework.hateoas.mediatype.hal.forms.HalFormsMediaTypeConfiguration' via constructor to bean named 'org.springframework.beans.factory.support.DefaultListableBeanFactory@22c5269d'
2025-11-18T05:54:55.213-05:00 DEBUG 23740 --- [ecomarket] [           main] o.s.b.f.s.DefaultListableBeanFactory     : Autowiring by type from bean name 'hypermediaWebMvcConverters' via factory method to bean named 'org.springframework.hateoas.mediatype.hal.HalMediaTypeConfiguration'
2025-11-18T05:54:55.213-05:00 DEBUG 23740 --- [ecomarket] [           main] o.s.b.f.s.DefaultListableBeanFactory     : Autowiring by type from bean name 'hypermediaWebMvcConverters' via factory method to bean named 'org.springframework.hateoas.mediatype.hal.forms.HalFormsMediaTypeConfiguration'
2025-11-18T05:54:55.214-05:00 DEBUG 23740 --- [ecomarket] [           main] o.s.b.f.s.DefaultListableBeanFactory     : Creating shared instance of singleton bean 'applicationJsonHalConfiguration'
2025-11-18T05:54:55.214-05:00 DEBUG 23740 --- [ecomarket] [           main] o.s.b.f.s.DefaultListableBeanFactory     : Creating shared instance of singleton bean 'org.springframework.boot.autoconfigure.hateoas.HypermediaAutoConfiguration'
2025-11-18T05:54:55.216-05:00 DEBUG 23740 --- [ecomarket] [           main] o.s.b.f.s.DefaultListableBeanFactory     : Creating shared instance of singleton bean 'jacksonObjectMapper'
2025-11-18T05:54:55.216-05:00 DEBUG 23740 --- [ecomarket] [           main] o.s.b.f.s.DefaultListableBeanFactory     : Creating shared instance of singleton bean 'org.springframework.boot.autoconfigure.jackson.JacksonAutoConfiguration$JacksonObjectMapperConfiguration'
2025-11-18T05:54:55.217-05:00 DEBUG 23740 --- [ecomarket] [           main] o.s.b.f.s.DefaultListableBeanFactory     : Creating shared instance of singleton bean 'org.springframework.boot.autoconfigure.jackson.JacksonAutoConfiguration$JacksonObjectMapperBuilderConfiguration'
2025-11-18T05:54:55.217-05:00 DEBUG 23740 --- [ecomarket] [           main] o.s.b.f.s.DefaultListableBeanFactory     : Creating shared instance of singleton bean 'standardJacksonObjectMapperBuilderCustomizer'
2025-11-18T05:54:55.217-05:00 DEBUG 23740 --- [ecomarket] [           main] o.s.b.f.s.DefaultListableBeanFactory     : Creating shared instance of singleton bean 'org.springframework.boot.autoconfigure.jackson.JacksonAutoConfiguration$Jackson2ObjectMapperBuilderCustomizerConfiguration'
2025-11-18T05:54:55.218-05:00 DEBUG 23740 --- [ecomarket] [           main] o.s.b.f.s.DefaultListableBeanFactory     : Creating shared instance of singleton bean 'spring.jackson-org.springframework.boot.autoconfigure.jackson.JacksonProperties'
2025-11-18T05:54:55.220-05:00 DEBUG 23740 --- [ecomarket] [           main] o.s.b.f.s.DefaultListableBeanFactory     : Autowiring by type from bean name 'standardJacksonObjectMapperBuilderCustomizer' via factory method to bean named 'spring.jackson-org.springframework.boot.autoconfigure.jackson.JacksonProperties'
2025-11-18T05:54:55.220-05:00 DEBUG 23740 --- [ecomarket] [           main] o.s.b.f.s.DefaultListableBeanFactory     : Creating shared instance of singleton bean 'parameterNamesModule'
2025-11-18T05:54:55.220-05:00 DEBUG 23740 --- [ecomarket] [           main] o.s.b.f.s.DefaultListableBeanFactory     : Creating shared instance of singleton bean 'org.springframework.boot.autoconfigure.jackson.JacksonAutoConfiguration$ParameterNamesModuleConfiguration'
2025-11-18T05:54:55.221-05:00 DEBUG 23740 --- [ecomarket] [           main] o.s.b.f.s.DefaultListableBeanFactory     : Creating shared instance of singleton bean 'jsonMixinModule'
2025-11-18T05:54:55.221-05:00 DEBUG 23740 --- [ecomarket] [           main] o.s.b.f.s.DefaultListableBeanFactory     : Creating shared instance of singleton bean 'org.springframework.boot.autoconfigure.jackson.JacksonAutoConfiguration$JacksonMixinConfiguration'
2025-11-18T05:54:55.221-05:00 DEBUG 23740 --- [ecomarket] [           main] o.s.b.f.s.DefaultListableBeanFactory     : Creating shared instance of singleton bean 'jsonMixinModuleEntries'
2025-11-18T05:54:55.221-05:00 DEBUG 23740 --- [ecomarket] [           main] o.s.b.f.s.DefaultListableBeanFactory     : Autowiring by type from bean name 'jsonMixinModuleEntries' via factory method to bean named 'org.springframework.web.context.support.GenericWebApplicationContext@12f084ae'
2025-11-18T05:54:55.223-05:00 DEBUG 23740 --- [ecomarket] [           main] o.s.b.f.s.DefaultListableBeanFactory     : Autowiring by type from bean name 'jsonMixinModule' via factory method to bean named 'org.springframework.web.context.support.GenericWebApplicationContext@12f084ae'
2025-11-18T05:54:55.223-05:00 DEBUG 23740 --- [ecomarket] [           main] o.s.b.f.s.DefaultListableBeanFactory     : Autowiring by type from bean name 'jsonMixinModule' via factory method to bean named 'jsonMixinModuleEntries'
2025-11-18T05:54:55.224-05:00 DEBUG 23740 --- [ecomarket] [           main] o.s.b.f.s.DefaultListableBeanFactory     : Creating shared instance of singleton bean 'jsonComponentModule'
2025-11-18T05:54:55.224-05:00 DEBUG 23740 --- [ecomarket] [           main] o.s.b.f.s.DefaultListableBeanFactory     : Creating shared instance of singleton bean 'org.springframework.boot.autoconfigure.jackson.JacksonAutoConfiguration'
2025-11-18T05:54:55.226-05:00 DEBUG 23740 --- [ecomarket] [           main] o.s.b.f.s.DefaultListableBeanFactory     : Creating shared instance of singleton bean 'jacksonGeoModule'
2025-11-18T05:54:55.226-05:00 DEBUG 23740 --- [ecomarket] [           main] o.s.b.f.s.DefaultListableBeanFactory     : Creating shared instance of singleton bean 'org.springframework.data.web.config.SpringDataJacksonConfiguration'
2025-11-18T05:54:55.227-05:00 DEBUG 23740 --- [ecomarket] [           main] o.s.b.f.s.DefaultListableBeanFactory     : Creating shared instance of singleton bean 'pageModule'
2025-11-18T05:54:55.229-05:00 DEBUG 23740 --- [ecomarket] [           main] o.s.b.f.s.DefaultListableBeanFactory     : Autowiring by type from bean name 'jacksonObjectMapperBuilder' via factory method to bean named 'org.springframework.web.context.support.GenericWebApplicationContext@12f084ae'
2025-11-18T05:54:55.229-05:00 DEBUG 23740 --- [ecomarket] [           main] o.s.b.f.s.DefaultListableBeanFactory     : Autowiring by type from bean name 'jacksonObjectMapperBuilder' via factory method to bean named 'standardJacksonObjectMapperBuilderCustomizer'
2025-11-18T05:54:55.229-05:00 DEBUG 23740 --- [ecomarket] [           main] o.s.b.f.s.DefaultListableBeanFactory     : Autowiring by type from bean name 'jacksonObjectMapper' via factory method to bean named 'jacksonObjectMapperBuilder'
2025-11-18T05:54:55.233-05:00 DEBUG 23740 --- [ecomarket] [           main] o.s.b.f.s.DefaultListableBeanFactory     : Autowiring by type from bean name 'hypermediaWebMvcConfigurer' via factory method to bean named 'hypermediaWebMvcConverters'
2025-11-18T05:54:55.233-05:00 DEBUG 23740 --- [ecomarket] [           main] o.s.b.f.s.DefaultListableBeanFactory     : Creating shared instance of singleton bean 'org.springframework.data.rest.webmvc.config.RepositoryRestMvcConfiguration'
[...]
2025-11-18T05:54:55.720-05:00 DEBUG 23740 --- [ecomarket] [           main] horizationManagerBeforeMethodInterceptor : Authorized method invocation ReflectiveMethodInvocation: public org.springframework.http.ResponseEntity com.ecomarket.product.ProductController.create(com.ecomarket.product.dto.ProductRequest); target is of class [com.ecomarket.product.ProductController]
2025-11-18T05:54:55.721-05:00 DEBUG 23740 --- [ecomarket] [           main] o.s.w.s.m.m.a.HttpEntityMethodProcessor  : Using 'application/json', given [*/*] and supported [application/json, application/*+json]
2025-11-18T05:54:55.721-05:00 DEBUG 23740 --- [ecomarket] [           main] o.s.w.s.m.m.a.HttpEntityMethodProcessor  : Writing [com.ecomarket.product.dto.ProductResponse@7662a4cd]
2025-11-18T05:54:55.722-05:00 DEBUG 23740 --- [ecomarket] [           main] o.j.s.OpenEntityManagerInViewInterceptor : Closing JPA EntityManager in OpenEntityManagerInViewInterceptor
2025-11-18T05:54:55.722-05:00 DEBUG 23740 --- [ecomarket] [           main] o.s.t.web.servlet.TestDispatcherServlet  : Completed 201 CREATED
2025-11-18T05:54:55.723-05:00 DEBUG 23740 --- [ecomarket] [           main] org.springframework.test.context.cache   : Spring test ApplicationContext cache statistics: [DefaultContextCache@24ce0551 size = 2, maxSize = 32, parentContextCount = 0, hitCount = 237, missCount = 2, failureCount = 0]
2025-11-18T05:54:55.723-05:00 DEBUG 23740 --- [ecomarket] [           main] org.springframework.test.context.cache   : Spring test ApplicationContext cache statistics: [DefaultContextCache@24ce0551 size = 2, maxSize = 32, parentContextCount = 0, hitCount = 238, missCount = 2, failureCount = 0]
2025-11-18T05:54:55.723-05:00 DEBUG 23740 --- [ecomarket] [           main] org.springframework.test.context.cache   : Spring test ApplicationContext cache statistics: [DefaultContextCache@24ce0551 size = 2, maxSize = 32, parentContextCount = 0, hitCount = 239, missCount = 2, failureCount = 0]
2025-11-18T05:54:55.723-05:00 DEBUG 23740 --- [ecomarket] [           main] org.springframework.test.context.cache   : Spring test ApplicationContext cache statistics: [DefaultContextCache@24ce0551 size = 2, maxSize = 32, parentContextCount = 0, hitCount = 240, missCount = 2, failureCount = 0]
2025-11-18T05:54:55.723-05:00 DEBUG 23740 --- [ecomarket] [           main] org.springframework.test.context.cache   : Spring test ApplicationContext cache statistics: [DefaultContextCache@24ce0551 size = 2, maxSize = 32, parentContextCount = 0, hitCount = 241, missCount = 2, failureCount = 0]
2025-11-18T05:54:55.723-05:00 DEBUG 23740 --- [ecomarket] [           main] org.springframework.test.context.cache   : Spring test ApplicationContext cache statistics: [DefaultContextCache@24ce0551 size = 2, maxSize = 32, parentContextCount = 0, hitCount = 242, missCount = 2, failureCount = 0]
2025-11-18T05:54:55.723-05:00 DEBUG 23740 --- [ecomarket] [           main] org.springframework.test.context.cache   : Spring test ApplicationContext cache statistics: [DefaultContextCache@24ce0551 size = 2, maxSize = 32, parentContextCount = 0, hitCount = 243, missCount = 2, failureCount = 0]
2025-11-18T05:54:55.723-05:00 DEBUG 23740 --- [ecomarket] [           main] .c.s.DirtiesContextTestExecutionListener : After test method: class [ProductControllerTest], method [create_ShouldReturnCreatedProduct], class annotated with @DirtiesContext [false] with mode [null], method annotated with @DirtiesContext [false] with mode [null]
2025-11-18T05:54:55.723-05:00 DEBUG 23740 --- [ecomarket] [           main] o.s.t.c.w.ServletTestExecutionListener   : Resetting RequestContextHolder for test class com.ecomarket.product.ProductControllerTest
]]></system-out>
  </testcase>
  <testcase name="list_ShouldReturnPagedProducts" classname="com.ecomarket.product.ProductControllerTest" time="0.013">
    <system-out><![CDATA[2025-11-18T05:54:55.723-05:00 DEBUG 23740 --- [ecomarket] [           main] org.springframework.test.context.cache   : Spring test ApplicationContext cache statistics: [DefaultContextCache@24ce0551 size = 2, maxSize = 32, parentContextCount = 0, hitCount = 244, missCount = 2, failureCount = 0]
2025-11-18T05:54:55.723-05:00 DEBUG 23740 --- [ecomarket] [           main] o.s.t.c.w.ServletTestExecutionListener   : Setting up MockHttpServletRequest, MockHttpServletResponse, ServletWebRequest, and RequestContextHolder for test class com.ecomarket.product.ProductControllerTest
2025-11-18T05:54:55.724-05:00 DEBUG 23740 --- [ecomarket] [           main] org.springframework.test.context.cache   : Spring test ApplicationContext cache statistics: [DefaultContextCache@24ce0551 size = 2, maxSize = 32, parentContextCount = 0, hitCount = 245, missCount = 2, failureCount = 0]
2025-11-18T05:54:55.724-05:00 DEBUG 23740 --- [ecomarket] [           main] DependencyInjectionTestExecutionListener : Performing dependency injection for test class com.ecomarket.product.ProductControllerTest
2025-11-18T05:54:55.724-05:00 DEBUG 23740 --- [ecomarket] [           main] org.springframework.test.context.cache   : Spring test ApplicationContext cache statistics: [DefaultContextCache@24ce0551 size = 2, maxSize = 32, parentContextCount = 0, hitCount = 246, missCount = 2, failureCount = 0]
2025-11-18T05:54:55.724-05:00 DEBUG 23740 --- [ecomarket] [           main] org.springframework.test.context.cache   : Spring test ApplicationContext cache statistics: [DefaultContextCache@24ce0551 size = 2, maxSize = 32, parentContextCount = 0, hitCount = 247, missCount = 2, failureCount = 0]
2025-11-18T05:54:55.725-05:00 DEBUG 23740 --- [ecomarket] [           main] sContextBeforeModesTestExecutionListener : Before test method: class [ProductControllerTest], method [list_ShouldReturnPagedProducts], class annotated with @DirtiesContext [false] with mode [null], method annotated with @DirtiesContext [false] with mode [null]
2025-11-18T05:54:55.725-05:00 DEBUG 23740 --- [ecomarket] [           main] org.springframework.test.context.cache   : Spring test ApplicationContext cache statistics: [DefaultContextCache@24ce0551 size = 2, maxSize = 32, parentContextCount = 0, hitCount = 248, missCount = 2, failureCount = 0]
2025-11-18T05:54:55.725-05:00 DEBUG 23740 --- [ecomarket] [           main] org.springframework.test.context.cache   : Spring test ApplicationContext cache statistics: [DefaultContextCache@24ce0551 size = 2, maxSize = 32, parentContextCount = 0, hitCount = 249, missCount = 2, failureCount = 0]
2025-11-18T05:54:55.726-05:00 DEBUG 23740 --- [ecomarket] [           main] org.springframework.test.context.cache   : Spring test ApplicationContext cache statistics: [DefaultContextCache@24ce0551 size = 2, maxSize = 32, parentContextCount = 0, hitCount = 250, missCount = 2, failureCount = 0]
2025-11-18T05:54:55.728-05:00 DEBUG 23740 --- [ecomarket] [           main] o.s.security.web.FilterChainProxy        : Securing GET /products
2025-11-18T05:54:55.728-05:00 DEBUG 23740 --- [ecomarket] [           main] o.s.security.web.FilterChainProxy        : Secured GET /products
2025-11-18T05:54:55.728-05:00 DEBUG 23740 --- [ecomarket] [           main] o.s.t.web.servlet.TestDispatcherServlet  : GET "/products", parameters={}
2025-11-18T05:54:55.728-05:00 DEBUG 23740 --- [ecomarket] [           main] s.w.s.m.m.a.RequestMappingHandlerMapping : Mapped to com.ecomarket.product.ProductController#list(Pageable)
2025-11-18T05:54:55.728-05:00 DEBUG 23740 --- [ecomarket] [           main] o.j.s.OpenEntityManagerInViewInterceptor : Opening JPA EntityManager in OpenEntityManagerInViewInterceptor
2025-11-18T05:54:55.733-05:00 DEBUG 23740 --- [ecomarket] [           main] o.s.w.s.m.m.a.HttpEntityMethodProcessor  : Using 'application/json', given [*/*] and supported [application/json, application/*+json]
2025-11-18T05:54:55.733-05:00 DEBUG 23740 --- [ecomarket] [           main] o.s.w.s.m.m.a.HttpEntityMethodProcessor  : Writing [com.ecomarket.product.dto.PagedProductResponse@73d241e7]
2025-11-18T05:54:55.734-05:00 DEBUG 23740 --- [ecomarket] [           main] o.j.s.OpenEntityManagerInViewInterceptor : Closing JPA EntityManager in OpenEntityManagerInViewInterceptor
2025-11-18T05:54:55.734-05:00 DEBUG 23740 --- [ecomarket] [           main] o.s.t.web.servlet.TestDispatcherServlet  : Completed 200 OK
2025-11-18T05:54:55.734-05:00 DEBUG 23740 --- [ecomarket] [           main] o.s.s.w.a.AnonymousAuthenticationFilter  : Set SecurityContextHolder to anonymous SecurityContext
2025-11-18T05:54:55.737-05:00 DEBUG 23740 --- [ecomarket] [           main] org.springframework.test.context.cache   : Spring test ApplicationContext cache statistics: [DefaultContextCache@24ce0551 size = 2, maxSize = 32, parentContextCount = 0, hitCount = 251, missCount = 2, failureCount = 0]
2025-11-18T05:54:55.737-05:00 DEBUG 23740 --- [ecomarket] [           main] org.springframework.test.context.cache   : Spring test ApplicationContext cache statistics: [DefaultContextCache@24ce0551 size = 2, maxSize = 32, parentContextCount = 0, hitCount = 252, missCount = 2, failureCount = 0]
2025-11-18T05:54:55.737-05:00 DEBUG 23740 --- [ecomarket] [           main] org.springframework.test.context.cache   : Spring test ApplicationContext cache statistics: [DefaultContextCache@24ce0551 size = 2, maxSize = 32, parentContextCount = 0, hitCount = 253, missCount = 2, failureCount = 0]
2025-11-18T05:54:55.737-05:00 DEBUG 23740 --- [ecomarket] [           main] org.springframework.test.context.cache   : Spring test ApplicationContext cache statistics: [DefaultContextCache@24ce0551 size = 2, maxSize = 32, parentContextCount = 0, hitCount = 254, missCount = 2, failureCount = 0]
2025-11-18T05:54:55.737-05:00 DEBUG 23740 --- [ecomarket] [           main] org.springframework.test.context.cache   : Spring test ApplicationContext cache statistics: [DefaultContextCache@24ce0551 size = 2, maxSize = 32, parentContextCount = 0, hitCount = 255, missCount = 2, failureCount = 0]
2025-11-18T05:54:55.738-05:00 DEBUG 23740 --- [ecomarket] [           main] org.springframework.test.context.cache   : Spring test ApplicationContext cache statistics: [DefaultContextCache@24ce0551 size = 2, maxSize = 32, parentContextCount = 0, hitCount = 256, missCount = 2, failureCount = 0]
2025-11-18T05:54:55.738-05:00 DEBUG 23740 --- [ecomarket] [           main] org.springframework.test.context.cache   : Spring test ApplicationContext cache statistics: [DefaultContextCache@24ce0551 size = 2, maxSize = 32, parentContextCount = 0, hitCount = 257, missCount = 2, failureCount = 0]
2025-11-18T05:54:55.738-05:00 DEBUG 23740 --- [ecomarket] [           main] .c.s.DirtiesContextTestExecutionListener : After test method: class [ProductControllerTest], method [list_ShouldReturnPagedProducts], class annotated with @DirtiesContext [false] with mode [null], method annotated with @DirtiesContext [false] with mode [null]
2025-11-18T05:54:55.738-05:00 DEBUG 23740 --- [ecomarket] [           main] o.s.t.c.w.ServletTestExecutionListener   : Resetting RequestContextHolder for test class com.ecomarket.product.ProductControllerTest
]]></system-out>
  </testcase>
  <testcase name="update_ShouldReturn403_WhenNotAdmin" classname="com.ecomarket.product.ProductControllerTest" time="0.006">
    <system-out><![CDATA[2025-11-18T05:54:55.738-05:00 DEBUG 23740 --- [ecomarket] [           main] org.springframework.test.context.cache   : Spring test ApplicationContext cache statistics: [DefaultContextCache@24ce0551 size = 2, maxSize = 32, parentContextCount = 0, hitCount = 258, missCount = 2, failureCount = 0]
2025-11-18T05:54:55.738-05:00 DEBUG 23740 --- [ecomarket] [           main] o.s.t.c.w.ServletTestExecutionListener   : Setting up MockHttpServletRequest, MockHttpServletResponse, ServletWebRequest, and RequestContextHolder for test class com.ecomarket.product.ProductControllerTest
2025-11-18T05:54:55.738-05:00 DEBUG 23740 --- [ecomarket] [           main] org.springframework.test.context.cache   : Spring test ApplicationContext cache statistics: [DefaultContextCache@24ce0551 size = 2, maxSize = 32, parentContextCount = 0, hitCount = 259, missCount = 2, failureCount = 0]
2025-11-18T05:54:55.738-05:00 DEBUG 23740 --- [ecomarket] [           main] DependencyInjectionTestExecutionListener : Performing dependency injection for test class com.ecomarket.product.ProductControllerTest
2025-11-18T05:54:55.738-05:00 DEBUG 23740 --- [ecomarket] [           main] org.springframework.test.context.cache   : Spring test ApplicationContext cache statistics: [DefaultContextCache@24ce0551 size = 2, maxSize = 32, parentContextCount = 0, hitCount = 260, missCount = 2, failureCount = 0]
2025-11-18T05:54:55.739-05:00 DEBUG 23740 --- [ecomarket] [           main] org.springframework.test.context.cache   : Spring test ApplicationContext cache statistics: [DefaultContextCache@24ce0551 size = 2, maxSize = 32, parentContextCount = 0, hitCount = 261, missCount = 2, failureCount = 0]
2025-11-18T05:54:55.739-05:00 DEBUG 23740 --- [ecomarket] [           main] sContextBeforeModesTestExecutionListener : Before test method: class [ProductControllerTest], method [update_ShouldReturn403_WhenNotAdmin], class annotated with @DirtiesContext [false] with mode [null], method annotated with @DirtiesContext [false] with mode [null]
2025-11-18T05:54:55.739-05:00 DEBUG 23740 --- [ecomarket] [           main] org.springframework.test.context.cache   : Spring test ApplicationContext cache statistics: [DefaultContextCache@24ce0551 size = 2, maxSize = 32, parentContextCount = 0, hitCount = 262, missCount = 2, failureCount = 0]
2025-11-18T05:54:55.739-05:00 DEBUG 23740 --- [ecomarket] [           main] org.springframework.test.context.cache   : Spring test ApplicationContext cache statistics: [DefaultContextCache@24ce0551 size = 2, maxSize = 32, parentContextCount = 0, hitCount = 263, missCount = 2, failureCount = 0]
2025-11-18T05:54:55.740-05:00 DEBUG 23740 --- [ecomarket] [           main] org.springframework.test.context.cache   : Spring test ApplicationContext cache statistics: [DefaultContextCache@24ce0551 size = 2, maxSize = 32, parentContextCount = 0, hitCount = 264, missCount = 2, failureCount = 0]
2025-11-18T05:54:55.741-05:00 DEBUG 23740 --- [ecomarket] [           main] o.s.security.web.FilterChainProxy        : Securing PUT /products/1
2025-11-18T05:54:55.741-05:00 DEBUG 23740 --- [ecomarket] [           main] o.s.security.web.FilterChainProxy        : Secured PUT /products/1
2025-11-18T05:54:55.741-05:00 DEBUG 23740 --- [ecomarket] [           main] o.s.t.web.servlet.TestDispatcherServlet  : PUT "/products/1", parameters={}
2025-11-18T05:54:55.742-05:00 DEBUG 23740 --- [ecomarket] [           main] s.w.s.m.m.a.RequestMappingHandlerMapping : Mapped to com.ecomarket.product.ProductController#update(Long, ProductRequest)
2025-11-18T05:54:55.742-05:00 DEBUG 23740 --- [ecomarket] [           main] o.j.s.OpenEntityManagerInViewInterceptor : Opening JPA EntityManager in OpenEntityManagerInViewInterceptor
2025-11-18T05:54:55.742-05:00 DEBUG 23740 --- [ecomarket] [           main] m.m.a.RequestResponseBodyMethodProcessor : Read "application/json;charset=UTF-8" to [com.ecomarket.product.dto.ProductRequest@5d3afcf5]
2025-11-18T05:54:55.743-05:00 DEBUG 23740 --- [ecomarket] [           main] horizationManagerBeforeMethodInterceptor : Authorizing method invocation ReflectiveMethodInvocation: public org.springframework.http.ResponseEntity com.ecomarket.product.ProductController.update(java.lang.Long,com.ecomarket.product.dto.ProductRequest); target is of class [com.ecomarket.product.ProductController]
2025-11-18T05:54:55.743-05:00 DEBUG 23740 --- [ecomarket] [           main] o.s.s.w.a.AnonymousAuthenticationFilter  : Set SecurityContextHolder to anonymous SecurityContext
2025-11-18T05:54:55.743-05:00 DEBUG 23740 --- [ecomarket] [           main] horizationManagerBeforeMethodInterceptor : Failed to authorize ReflectiveMethodInvocation: public org.springframework.http.ResponseEntity com.ecomarket.product.ProductController.update(java.lang.Long,com.ecomarket.product.dto.ProductRequest); target is of class [com.ecomarket.product.ProductController] with authorization manager org.springframework.security.config.annotation.method.configuration.DeferringObservationAuthorizationManager@77eb3242 and decision ExpressionAuthorizationDecision [granted=false, expressionAttribute=hasRole('ADMIN')]
2025-11-18T05:54:55.743-05:00 DEBUG 23740 --- [ecomarket] [           main] o.j.s.OpenEntityManagerInViewInterceptor : Closing JPA EntityManager in OpenEntityManagerInViewInterceptor
2025-11-18T05:54:55.743-05:00 DEBUG 23740 --- [ecomarket] [           main] o.s.t.web.servlet.TestDispatcherServlet  : Failed to complete request: org.springframework.security.authorization.AuthorizationDeniedException: Access Denied
2025-11-18T05:54:55.743-05:00 DEBUG 23740 --- [ecomarket] [           main] o.s.s.w.s.HttpSessionRequestCache        : Saved request http://localhost/products/1?continue to session
2025-11-18T05:54:55.743-05:00 DEBUG 23740 --- [ecomarket] [           main] o.s.s.w.a.Http403ForbiddenEntryPoint     : Pre-authenticated entry point called. Rejecting access
2025-11-18T05:54:55.743-05:00 DEBUG 23740 --- [ecomarket] [           main] org.springframework.test.context.cache   : Spring test ApplicationContext cache statistics: [DefaultContextCache@24ce0551 size = 2, maxSize = 32, parentContextCount = 0, hitCount = 265, missCount = 2, failureCount = 0]
2025-11-18T05:54:55.743-05:00 DEBUG 23740 --- [ecomarket] [           main] org.springframework.test.context.cache   : Spring test ApplicationContext cache statistics: [DefaultContextCache@24ce0551 size = 2, maxSize = 32, parentContextCount = 0, hitCount = 266, missCount = 2, failureCount = 0]
2025-11-18T05:54:55.743-05:00 DEBUG 23740 --- [ecomarket] [           main] org.springframework.test.context.cache   : Spring test ApplicationContext cache statistics: [DefaultContextCache@24ce0551 size = 2, maxSize = 32, parentContextCount = 0, hitCount = 267, missCount = 2, failureCount = 0]
2025-11-18T05:54:55.743-05:00 DEBUG 23740 --- [ecomarket] [           main] org.springframework.test.context.cache   : Spring test ApplicationContext cache statistics: [DefaultContextCache@24ce0551 size = 2, maxSize = 32, parentContextCount = 0, hitCount = 268, missCount = 2, failureCount = 0]
2025-11-18T05:54:55.743-05:00 DEBUG 23740 --- [ecomarket] [           main] org.springframework.test.context.cache   : Spring test ApplicationContext cache statistics: [DefaultContextCache@24ce0551 size = 2, maxSize = 32, parentContextCount = 0, hitCount = 269, missCount = 2, failureCount = 0]
2025-11-18T05:54:55.744-05:00 DEBUG 23740 --- [ecomarket] [           main] org.springframework.test.context.cache   : Spring test ApplicationContext cache statistics: [DefaultContextCache@24ce0551 size = 2, maxSize = 32, parentContextCount = 0, hitCount = 270, missCount = 2, failureCount = 0]
2025-11-18T05:54:55.744-05:00 DEBUG 23740 --- [ecomarket] [           main] org.springframework.test.context.cache   : Spring test ApplicationContext cache statistics: [DefaultContextCache@24ce0551 size = 2, maxSize = 32, parentContextCount = 0, hitCount = 271, missCount = 2, failureCount = 0]
2025-11-18T05:54:55.744-05:00 DEBUG 23740 --- [ecomarket] [           main] .c.s.DirtiesContextTestExecutionListener : After test method: class [ProductControllerTest], method [update_ShouldReturn403_WhenNotAdmin], class annotated with @DirtiesContext [false] with mode [null], method annotated with @DirtiesContext [false] with mode [null]
2025-11-18T05:54:55.744-05:00 DEBUG 23740 --- [ecomarket] [           main] o.s.t.c.w.ServletTestExecutionListener   : Resetting RequestContextHolder for test class com.ecomarket.product.ProductControllerTest
]]></system-out>
  </testcase>
</testsuite>